        -:    0:Source:authfile.c
        -:    0:Graph:authfile.gcno
        -:    0:Data:authfile.gcda
        -:    0:Runs:381
        -:    1:/* -*- Mode: C; tab-width: 4; c-basic-offset: 4; indent-tabs-mode: nil -*- */
        -:    2:#include <stdio.h>
        -:    3:#include <stdlib.h>
        -:    4:#include <stdbool.h>
        -:    5:#include <string.h>
        -:    6:#include <sys/types.h>
        -:    7:#include <sys/stat.h>
        -:    8:#include <unistd.h>
        -:    9:#include <inttypes.h>
        -:   10:
        -:   11:#include "authfile.h"
        -:   12:#include "util.h"
        -:   13:
        -:   14:// TODO: frontend needs a refactor so this can avoid global objects.
        -:   15:
        -:   16:#define MAX_ENTRY_LEN 256
        -:   17:// Not supposed to be a huge database!
        -:   18:#define MAX_ENTRIES 8
        -:   19:
        -:   20:typedef struct auth_entry {
        -:   21:    char *user;
        -:   22:    size_t ulen;
        -:   23:    char *pass;
        -:   24:    size_t plen;
        -:   25:} auth_t;
        -:   26:
        -:   27:auth_t main_auth_entries[MAX_ENTRIES];
        -:   28:int entry_cnt = 0;
        -:   29:char *main_auth_data = NULL;
        -:   30:
        1:   31:enum authfile_ret authfile_load(const char *file) {
        1:   32:    struct stat sb;
        1:   33:    char *auth_data = NULL;
        1:   34:    auth_t auth_entries[MAX_ENTRIES];
        -:   35:
        1:   36:    FILE *pwfile = fopen(file, "r");
        1:   37:    if (pwfile == NULL) {
        -:   38:        return AUTHFILE_OPENFAIL;
        1:   39:    } else if (fstat(fileno(pwfile), &sb)) {
    #####:   40:        fclose(pwfile);
    #####:   41:        return AUTHFILE_STATFAIL;
        -:   42:    }
        -:   43:
        1:   44:    auth_data = calloc(1, sb.st_size + 1);
        -:   45:
        1:   46:    char *auth_cur = auth_data;
        1:   47:    char *auth_end = auth_data + sb.st_size;
        1:   48:    auth_t *entry_cur = auth_entries;
        1:   49:    int used = 0;
        -:   50:
        6:   51:    while ((fgets(auth_cur, auth_end - auth_cur < MAX_ENTRY_LEN ? auth_end - auth_cur : MAX_ENTRY_LEN, pwfile)) != NULL) {
        -:   52:        int x;
        -:   53:        int found = 0;
        -:   54:
       19:   55:        for (x = 0; x < MAX_ENTRY_LEN; x++) {
       19:   56:            if (!found) {
       10:   57:                if (auth_cur[x] == '\0') {
        -:   58:                    // The username is malformed - this is either the end of the file or a null byte.
        -:   59:                    break;
       10:   60:                } else if (auth_cur[x] == ':') {
        2:   61:                    entry_cur->user = auth_cur;
        2:   62:                    entry_cur->ulen = x;
        2:   63:                    entry_cur->pass = &auth_cur[x+1];
        2:   64:                    found = 1;
        -:   65:                }
        -:   66:            } else {
        -:   67:                // Find end of password.
        9:   68:                if (auth_cur[x] == '\n' ||
        7:   69:                    auth_cur[x] == '\r' ||
        -:   70:                    auth_cur[x] == '\0') {
        2:   71:                    entry_cur->plen = x - (entry_cur->ulen + 1);
        2:   72:                    break;
        -:   73:                }
        -:   74:            }
        -:   75:        }
        -:   76:
        -:   77:        // malformed line.
        2:   78:        if (!found) {
    #####:   79:            (void)fclose(pwfile);
    #####:   80:            free(auth_data);
    #####:   81:            return AUTHFILE_MALFORMED;
        -:   82:        }
        -:   83:
        -:   84:        // FIXME: no silent truncation.
        2:   85:        if (++used == MAX_ENTRIES) {
        -:   86:            break;
        -:   87:        }
        -:   88:        // EOF
        2:   89:        if (auth_cur[x] == '\0')
        -:   90:            break;
        -:   91:
        2:   92:        auth_cur += x;
        2:   93:        entry_cur++;
        -:   94:    }
        -:   95:
        -:   96:    // swap the main pointer out now, so if there's an error reloading we
        -:   97:    // don't break the existing authentication.
        1:   98:    if (main_auth_data != NULL) {
    #####:   99:        free(main_auth_data);
        -:  100:    }
        -:  101:
        1:  102:    entry_cnt = used;
        1:  103:    main_auth_data = auth_data;
        1:  104:    memcpy(main_auth_entries, auth_entries, sizeof(auth_entries));
        -:  105:
        1:  106:    (void)fclose(pwfile);
        -:  107:
        1:  108:    return AUTHFILE_OK;
        -:  109:}
        -:  110:
        -:  111:// if only loading the file could be this short...
        3:  112:int authfile_check(const char *user, const char *pass) {
        3:  113:    size_t ulen = strlen(user);
        3:  114:    size_t plen = strlen(pass);
        -:  115:
        6:  116:    for (int x = 0; x < entry_cnt; x++) {
        5:  117:        auth_t *e = &main_auth_entries[x];
        8:  118:        if (ulen == e->ulen && plen == e->plen &&
        6:  119:            safe_memcmp(user, e->user, e->ulen) &&
        3:  120:            safe_memcmp(pass, e->pass, e->plen)) {
        -:  121:            return 1;
        -:  122:        }
        -:  123:    }
        -:  124:
        -:  125:    return 0;
        -:  126:}
