        -:    0:Source:xxhash.h
        -:    0:Graph:hash.gcno
        -:    0:Data:hash.gcda
        -:    0:Runs:381
        -:    1:/*
        -:    2: * xxHash - Extremely Fast Hash algorithm
        -:    3: * Header File
        -:    4: * Copyright (C) 2012-2020 Yann Collet
        -:    5: *
        -:    6: * BSD 2-Clause License (https://www.opensource.org/licenses/bsd-license.php)
        -:    7: *
        -:    8: * Redistribution and use in source and binary forms, with or without
        -:    9: * modification, are permitted provided that the following conditions are
        -:   10: * met:
        -:   11: *
        -:   12: *    * Redistributions of source code must retain the above copyright
        -:   13: *      notice, this list of conditions and the following disclaimer.
        -:   14: *    * Redistributions in binary form must reproduce the above
        -:   15: *      copyright notice, this list of conditions and the following disclaimer
        -:   16: *      in the documentation and/or other materials provided with the
        -:   17: *      distribution.
        -:   18: *
        -:   19: * THIS SOFTWARE IS PROVIDED BY THE COPYRIGHT HOLDERS AND CONTRIBUTORS
        -:   20: * "AS IS" AND ANY EXPRESS OR IMPLIED WARRANTIES, INCLUDING, BUT NOT
        -:   21: * LIMITED TO, THE IMPLIED WARRANTIES OF MERCHANTABILITY AND FITNESS FOR
        -:   22: * A PARTICULAR PURPOSE ARE DISCLAIMED. IN NO EVENT SHALL THE COPYRIGHT
        -:   23: * OWNER OR CONTRIBUTORS BE LIABLE FOR ANY DIRECT, INDIRECT, INCIDENTAL,
        -:   24: * SPECIAL, EXEMPLARY, OR CONSEQUENTIAL DAMAGES (INCLUDING, BUT NOT
        -:   25: * LIMITED TO, PROCUREMENT OF SUBSTITUTE GOODS OR SERVICES; LOSS OF USE,
        -:   26: * DATA, OR PROFITS; OR BUSINESS INTERRUPTION) HOWEVER CAUSED AND ON ANY
        -:   27: * THEORY OF LIABILITY, WHETHER IN CONTRACT, STRICT LIABILITY, OR TORT
        -:   28: * (INCLUDING NEGLIGENCE OR OTHERWISE) ARISING IN ANY WAY OUT OF THE USE
        -:   29: * OF THIS SOFTWARE, EVEN IF ADVISED OF THE POSSIBILITY OF SUCH DAMAGE.
        -:   30: *
        -:   31: * You can contact the author at:
        -:   32: *   - xxHash homepage: https://www.xxhash.com
        -:   33: *   - xxHash source repository: https://github.com/Cyan4973/xxHash
        -:   34: */
        -:   35:/*!
        -:   36: * @mainpage xxHash
        -:   37: *
        -:   38: * @file xxhash.h
        -:   39: * xxHash prototypes and implementation
        -:   40: */
        -:   41:/* TODO: update */
        -:   42:/* Notice extracted from xxHash homepage:
        -:   43:
        -:   44:xxHash is an extremely fast hash algorithm, running at RAM speed limits.
        -:   45:It also successfully passes all tests from the SMHasher suite.
        -:   46:
        -:   47:Comparison (single thread, Windows Seven 32 bits, using SMHasher on a Core 2 Duo @3GHz)
        -:   48:
        -:   49:Name            Speed       Q.Score   Author
        -:   50:xxHash          5.4 GB/s     10
        -:   51:CrapWow         3.2 GB/s      2       Andrew
        -:   52:MurmurHash 3a   2.7 GB/s     10       Austin Appleby
        -:   53:SpookyHash      2.0 GB/s     10       Bob Jenkins
        -:   54:SBox            1.4 GB/s      9       Bret Mulvey
        -:   55:Lookup3         1.2 GB/s      9       Bob Jenkins
        -:   56:SuperFastHash   1.2 GB/s      1       Paul Hsieh
        -:   57:CityHash64      1.05 GB/s    10       Pike & Alakuijala
        -:   58:FNV             0.55 GB/s     5       Fowler, Noll, Vo
        -:   59:CRC32           0.43 GB/s     9
        -:   60:MD5-32          0.33 GB/s    10       Ronald L. Rivest
        -:   61:SHA1-32         0.28 GB/s    10
        -:   62:
        -:   63:Q.Score is a measure of quality of the hash function.
        -:   64:It depends on successfully passing SMHasher test set.
        -:   65:10 is a perfect score.
        -:   66:
        -:   67:Note: SMHasher's CRC32 implementation is not the fastest one.
        -:   68:Other speed-oriented implementations can be faster,
        -:   69:especially in combination with PCLMUL instruction:
        -:   70:https://fastcompression.blogspot.com/2019/03/presenting-xxh3.html?showComment=1552696407071#c3490092340461170735
        -:   71:
        -:   72:A 64-bit version, named XXH64, is available since r35.
        -:   73:It offers much better speed, but for 64-bit applications only.
        -:   74:Name     Speed on 64 bits    Speed on 32 bits
        -:   75:XXH64       13.8 GB/s            1.9 GB/s
        -:   76:XXH32        6.8 GB/s            6.0 GB/s
        -:   77:*/
        -:   78:
        -:   79:#if defined (__cplusplus)
        -:   80:extern "C" {
        -:   81:#endif
        -:   82:
        -:   83:/* ****************************
        -:   84: *  INLINE mode
        -:   85: ******************************/
        -:   86:/*!
        -:   87: * XXH_INLINE_ALL (and XXH_PRIVATE_API)
        -:   88: * Use these build macros to inline xxhash into the target unit.
        -:   89: * Inlining improves performance on small inputs, especially when the length is
        -:   90: * expressed as a compile-time constant:
        -:   91: *
        -:   92: *      https://fastcompression.blogspot.com/2018/03/xxhash-for-small-keys-impressive-power.html
        -:   93: *
        -:   94: * It also keeps xxHash symbols private to the unit, so they are not exported.
        -:   95: *
        -:   96: * Usage:
        -:   97: *     #define XXH_INLINE_ALL
        -:   98: *     #include "xxhash.h"
        -:   99: *
        -:  100: * Do not compile and link xxhash.o as a separate object, as it is not useful.
        -:  101: */
        -:  102:#if (defined(XXH_INLINE_ALL) || defined(XXH_PRIVATE_API)) \
        -:  103:    && !defined(XXH_INLINE_ALL_31684351384)
        -:  104:   /* this section should be traversed only once */
        -:  105:#  define XXH_INLINE_ALL_31684351384
        -:  106:   /* give access to the advanced API, required to compile implementations */
        -:  107:#  undef XXH_STATIC_LINKING_ONLY   /* avoid macro redef */
        -:  108:#  define XXH_STATIC_LINKING_ONLY
        -:  109:   /* make all functions private */
        -:  110:#  undef XXH_PUBLIC_API
        -:  111:#  if defined(__GNUC__)
        -:  112:#    define XXH_PUBLIC_API static __inline __attribute__((unused))
        -:  113:#  elif defined (__cplusplus) || (defined (__STDC_VERSION__) && (__STDC_VERSION__ >= 199901L) /* C99 */)
        -:  114:#    define XXH_PUBLIC_API static inline
        -:  115:#  elif defined(_MSC_VER)
        -:  116:#    define XXH_PUBLIC_API static __inline
        -:  117:#  else
        -:  118:     /* note: this version may generate warnings for unused static functions */
        -:  119:#    define XXH_PUBLIC_API static
        -:  120:#  endif
        -:  121:
        -:  122:   /*
        -:  123:    * This part deals with the special case where a unit wants to inline xxHash,
        -:  124:    * but "xxhash.h" has previously been included without XXH_INLINE_ALL, such
        -:  125:    * as part of some previously included *.h header file.
        -:  126:    * Without further action, the new include would just be ignored,
        -:  127:    * and functions would effectively _not_ be inlined (silent failure).
        -:  128:    * The following macros solve this situation by prefixing all inlined names,
        -:  129:    * avoiding naming collision with previous inclusions.
        -:  130:    */
        -:  131:#  ifdef XXH_NAMESPACE
        -:  132:#    error "XXH_INLINE_ALL with XXH_NAMESPACE is not supported"
        -:  133:     /*
        -:  134:      * Note: Alternative: #undef all symbols (it's a pretty large list).
        -:  135:      * Without #error: it compiles, but functions are actually not inlined.
        -:  136:      */
        -:  137:#  endif
        -:  138:#  define XXH_NAMESPACE XXH_INLINE_
        -:  139:   /*
        -:  140:    * Some identifiers (enums, type names) are not symbols, but they must
        -:  141:    * still be renamed to avoid redeclaration.
        -:  142:    * Alternative solution: do not redeclare them.
        -:  143:    * However, this requires some #ifdefs, and is a more dispersed action.
        -:  144:    * Meanwhile, renaming can be achieved in a single block
        -:  145:    */
        -:  146:#  define XXH_IPREF(Id)   XXH_INLINE_ ## Id
        -:  147:#  define XXH_OK XXH_IPREF(XXH_OK)
        -:  148:#  define XXH_ERROR XXH_IPREF(XXH_ERROR)
        -:  149:#  define XXH_errorcode XXH_IPREF(XXH_errorcode)
        -:  150:#  define XXH32_canonical_t  XXH_IPREF(XXH32_canonical_t)
        -:  151:#  define XXH64_canonical_t  XXH_IPREF(XXH64_canonical_t)
        -:  152:#  define XXH128_canonical_t XXH_IPREF(XXH128_canonical_t)
        -:  153:#  define XXH32_state_s XXH_IPREF(XXH32_state_s)
        -:  154:#  define XXH32_state_t XXH_IPREF(XXH32_state_t)
        -:  155:#  define XXH64_state_s XXH_IPREF(XXH64_state_s)
        -:  156:#  define XXH64_state_t XXH_IPREF(XXH64_state_t)
        -:  157:#  define XXH3_state_s  XXH_IPREF(XXH3_state_s)
        -:  158:#  define XXH3_state_t  XXH_IPREF(XXH3_state_t)
        -:  159:#  define XXH128_hash_t XXH_IPREF(XXH128_hash_t)
        -:  160:   /* Ensure the header is parsed again, even if it was previously included */
        -:  161:#  undef XXHASH_H_5627135585666179
        -:  162:#  undef XXHASH_H_STATIC_13879238742
        -:  163:#endif /* XXH_INLINE_ALL || XXH_PRIVATE_API */
        -:  164:
        -:  165:
        -:  166:
        -:  167:/* ****************************************************************
        -:  168: *  Stable API
        -:  169: *****************************************************************/
        -:  170:#ifndef XXHASH_H_5627135585666179
        -:  171:#define XXHASH_H_5627135585666179 1
        -:  172:
        -:  173:
        -:  174:/*!
        -:  175: * @defgroup public Public API
        -:  176: * Contains details on the public xxHash functions.
        -:  177: * @{
        -:  178: */
        -:  179:/* specific declaration modes for Windows */
        -:  180:#if !defined(XXH_INLINE_ALL) && !defined(XXH_PRIVATE_API)
        -:  181:#  if defined(WIN32) && defined(_MSC_VER) && (defined(XXH_IMPORT) || defined(XXH_EXPORT))
        -:  182:#    ifdef XXH_EXPORT
        -:  183:#      define XXH_PUBLIC_API __declspec(dllexport)
        -:  184:#    elif XXH_IMPORT
        -:  185:#      define XXH_PUBLIC_API __declspec(dllimport)
        -:  186:#    endif
        -:  187:#  else
        -:  188:#    define XXH_PUBLIC_API   /* do nothing */
        -:  189:#  endif
        -:  190:#endif
        -:  191:
        -:  192:#ifdef XXH_DOXYGEN
        -:  193:/*!
        -:  194: * @brief Emulate a namespace by transparently prefixing all symbols.
        -:  195: *
        -:  196: * If you want to include _and expose_ xxHash functions from within your own
        -:  197: * library, but also want to avoid symbol collisions with other libraries which
        -:  198: * may also include xxHash, you can use XXH_NAMESPACE to automatically prefix
        -:  199: * any public symbol from xxhash library with the value of XXH_NAMESPACE
        -:  200: * (therefore, avoid empty or numeric values).
        -:  201: *
        -:  202: * Note that no change is required within the calling program as long as it
        -:  203: * includes `xxhash.h`: Regular symbol names will be automatically translated
        -:  204: * by this header.
        -:  205: */
        -:  206:#  define XXH_NAMESPACE /* YOUR NAME HERE */
        -:  207:#  undef XXH_NAMESPACE
        -:  208:#endif
        -:  209:
        -:  210:#ifdef XXH_NAMESPACE
        -:  211:#  define XXH_CAT(A,B) A##B
        -:  212:#  define XXH_NAME2(A,B) XXH_CAT(A,B)
        -:  213:#  define XXH_versionNumber XXH_NAME2(XXH_NAMESPACE, XXH_versionNumber)
        -:  214:/* XXH32 */
        -:  215:#  define XXH32 XXH_NAME2(XXH_NAMESPACE, XXH32)
        -:  216:#  define XXH32_createState XXH_NAME2(XXH_NAMESPACE, XXH32_createState)
        -:  217:#  define XXH32_freeState XXH_NAME2(XXH_NAMESPACE, XXH32_freeState)
        -:  218:#  define XXH32_reset XXH_NAME2(XXH_NAMESPACE, XXH32_reset)
        -:  219:#  define XXH32_update XXH_NAME2(XXH_NAMESPACE, XXH32_update)
        -:  220:#  define XXH32_digest XXH_NAME2(XXH_NAMESPACE, XXH32_digest)
        -:  221:#  define XXH32_copyState XXH_NAME2(XXH_NAMESPACE, XXH32_copyState)
        -:  222:#  define XXH32_canonicalFromHash XXH_NAME2(XXH_NAMESPACE, XXH32_canonicalFromHash)
        -:  223:#  define XXH32_hashFromCanonical XXH_NAME2(XXH_NAMESPACE, XXH32_hashFromCanonical)
        -:  224:/* XXH64 */
        -:  225:#  define XXH64 XXH_NAME2(XXH_NAMESPACE, XXH64)
        -:  226:#  define XXH64_createState XXH_NAME2(XXH_NAMESPACE, XXH64_createState)
        -:  227:#  define XXH64_freeState XXH_NAME2(XXH_NAMESPACE, XXH64_freeState)
        -:  228:#  define XXH64_reset XXH_NAME2(XXH_NAMESPACE, XXH64_reset)
        -:  229:#  define XXH64_update XXH_NAME2(XXH_NAMESPACE, XXH64_update)
        -:  230:#  define XXH64_digest XXH_NAME2(XXH_NAMESPACE, XXH64_digest)
        -:  231:#  define XXH64_copyState XXH_NAME2(XXH_NAMESPACE, XXH64_copyState)
        -:  232:#  define XXH64_canonicalFromHash XXH_NAME2(XXH_NAMESPACE, XXH64_canonicalFromHash)
        -:  233:#  define XXH64_hashFromCanonical XXH_NAME2(XXH_NAMESPACE, XXH64_hashFromCanonical)
        -:  234:/* XXH3_64bits */
        -:  235:#  define XXH3_64bits XXH_NAME2(XXH_NAMESPACE, XXH3_64bits)
        -:  236:#  define XXH3_64bits_withSecret XXH_NAME2(XXH_NAMESPACE, XXH3_64bits_withSecret)
        -:  237:#  define XXH3_64bits_withSeed XXH_NAME2(XXH_NAMESPACE, XXH3_64bits_withSeed)
        -:  238:#  define XXH3_createState XXH_NAME2(XXH_NAMESPACE, XXH3_createState)
        -:  239:#  define XXH3_freeState XXH_NAME2(XXH_NAMESPACE, XXH3_freeState)
        -:  240:#  define XXH3_copyState XXH_NAME2(XXH_NAMESPACE, XXH3_copyState)
        -:  241:#  define XXH3_64bits_reset XXH_NAME2(XXH_NAMESPACE, XXH3_64bits_reset)
        -:  242:#  define XXH3_64bits_reset_withSeed XXH_NAME2(XXH_NAMESPACE, XXH3_64bits_reset_withSeed)
        -:  243:#  define XXH3_64bits_reset_withSecret XXH_NAME2(XXH_NAMESPACE, XXH3_64bits_reset_withSecret)
        -:  244:#  define XXH3_64bits_update XXH_NAME2(XXH_NAMESPACE, XXH3_64bits_update)
        -:  245:#  define XXH3_64bits_digest XXH_NAME2(XXH_NAMESPACE, XXH3_64bits_digest)
        -:  246:#  define XXH3_generateSecret XXH_NAME2(XXH_NAMESPACE, XXH3_generateSecret)
        -:  247:/* XXH3_128bits */
        -:  248:#  define XXH128 XXH_NAME2(XXH_NAMESPACE, XXH128)
        -:  249:#  define XXH3_128bits XXH_NAME2(XXH_NAMESPACE, XXH3_128bits)
        -:  250:#  define XXH3_128bits_withSeed XXH_NAME2(XXH_NAMESPACE, XXH3_128bits_withSeed)
        -:  251:#  define XXH3_128bits_withSecret XXH_NAME2(XXH_NAMESPACE, XXH3_128bits_withSecret)
        -:  252:#  define XXH3_128bits_reset XXH_NAME2(XXH_NAMESPACE, XXH3_128bits_reset)
        -:  253:#  define XXH3_128bits_reset_withSeed XXH_NAME2(XXH_NAMESPACE, XXH3_128bits_reset_withSeed)
        -:  254:#  define XXH3_128bits_reset_withSecret XXH_NAME2(XXH_NAMESPACE, XXH3_128bits_reset_withSecret)
        -:  255:#  define XXH3_128bits_update XXH_NAME2(XXH_NAMESPACE, XXH3_128bits_update)
        -:  256:#  define XXH3_128bits_digest XXH_NAME2(XXH_NAMESPACE, XXH3_128bits_digest)
        -:  257:#  define XXH128_isEqual XXH_NAME2(XXH_NAMESPACE, XXH128_isEqual)
        -:  258:#  define XXH128_cmp     XXH_NAME2(XXH_NAMESPACE, XXH128_cmp)
        -:  259:#  define XXH128_canonicalFromHash XXH_NAME2(XXH_NAMESPACE, XXH128_canonicalFromHash)
        -:  260:#  define XXH128_hashFromCanonical XXH_NAME2(XXH_NAMESPACE, XXH128_hashFromCanonical)
        -:  261:#endif
        -:  262:
        -:  263:
        -:  264:/* *************************************
        -:  265:*  Version
        -:  266:***************************************/
        -:  267:#define XXH_VERSION_MAJOR    0
        -:  268:#define XXH_VERSION_MINOR    8
        -:  269:#define XXH_VERSION_RELEASE  0
        -:  270:#define XXH_VERSION_NUMBER  (XXH_VERSION_MAJOR *100*100 + XXH_VERSION_MINOR *100 + XXH_VERSION_RELEASE)
        -:  271:
        -:  272:/*!
        -:  273: * @brief Obtains the xxHash version.
        -:  274: *
        -:  275: * This is only useful when xxHash is compiled as a shared library, as it is
        -:  276: * independent of the version defined in the header.
        -:  277: *
        -:  278: * @return `XXH_VERSION_NUMBER` as of when the function was compiled.
        -:  279: */
        -:  280:XXH_PUBLIC_API unsigned XXH_versionNumber (void);
        -:  281:
        -:  282:
        -:  283:/* ****************************
        -:  284:*  Definitions
        -:  285:******************************/
        -:  286:#include <stddef.h>   /* size_t */
        -:  287:typedef enum { XXH_OK=0, XXH_ERROR } XXH_errorcode;
        -:  288:
        -:  289:
        -:  290:/*-**********************************************************************
        -:  291:*  32-bit hash
        -:  292:************************************************************************/
        -:  293:#if defined(XXH_DOXYGEN) /* Don't show <stdint.h> include */
        -:  294:/*!
        -:  295: * @brief An unsigned 32-bit integer.
        -:  296: *
        -:  297: * Not necessarily defined to `uint32_t` but functionally equivalent.
        -:  298: */
        -:  299:typedef uint32_t XXH32_hash_t;
        -:  300:#elif !defined (__VMS) \
        -:  301:  && (defined (__cplusplus) \
        -:  302:  || (defined (__STDC_VERSION__) && (__STDC_VERSION__ >= 199901L) /* C99 */) )
        -:  303:#   include <stdint.h>
        -:  304:    typedef uint32_t XXH32_hash_t;
        -:  305:#else
        -:  306:#   include <limits.h>
        -:  307:#   if UINT_MAX == 0xFFFFFFFFUL
        -:  308:      typedef unsigned int XXH32_hash_t;
        -:  309:#   else
        -:  310:#     if ULONG_MAX == 0xFFFFFFFFUL
        -:  311:        typedef unsigned long XXH32_hash_t;
        -:  312:#     else
        -:  313:#       error "unsupported platform: need a 32-bit type"
        -:  314:#     endif
        -:  315:#   endif
        -:  316:#endif
        -:  317:
        -:  318:/*!
        -:  319: * @}
        -:  320: *
        -:  321: * @defgroup xxh32_family XXH32 family
        -:  322: * @ingroup public
        -:  323: * Contains functions used in the classic 32-bit xxHash algorithm.
        -:  324: *
        -:  325: * @note
        -:  326: *   XXH32 is considered rather weak by today's standards.
        -:  327: *   The @ref xxh3_family provides competitive speed for both 32-bit and 64-bit
        -:  328: *   systems, and offers true 64/128 bit hash results. It provides a superior
        -:  329: *   level of dispersion, and greatly reduces the risks of collisions.
        -:  330: *
        -:  331: * @see @ref xxh64_family, @ref xxh3_family : Other xxHash families
        -:  332: * @see @ref xxh32_impl for implementation details
        -:  333: * @{
        -:  334: */
        -:  335:
        -:  336:/*!
        -:  337: * @brief Calculates the 32-bit hash of @p input using xxHash32.
        -:  338: *
        -:  339: * Speed on Core 2 Duo @ 3 GHz (single thread, SMHasher benchmark): 5.4 GB/s
        -:  340: *
        -:  341: * @param input The block of data to be hashed, at least @p length bytes in size.
        -:  342: * @param length The length of @p input, in bytes.
        -:  343: * @param seed The 32-bit seed to alter the hash's output predictably.
        -:  344: *
        -:  345: * @pre
        -:  346: *   The memory between @p input and @p input + @p length must be valid,
        -:  347: *   readable, contiguous memory. However, if @p length is `0`, @p input may be
        -:  348: *   `NULL`. In C++, this also must be *TriviallyCopyable*.
        -:  349: *
        -:  350: * @return The calculated 32-bit hash value.
        -:  351: *
        -:  352: * @see
        -:  353: *    XXH64(), XXH3_64bits_withSeed(), XXH3_128bits_withSeed(), XXH128():
        -:  354: *    Direct equivalents for the other variants of xxHash.
        -:  355: * @see
        -:  356: *    XXH32_createState(), XXH32_update(), XXH32_digest(): Streaming version.
        -:  357: */
        -:  358:XXH_PUBLIC_API XXH32_hash_t XXH32 (const void* input, size_t length, XXH32_hash_t seed);
        -:  359:
        -:  360:/*!
        -:  361: * Streaming functions generate the xxHash value from an incremental input.
        -:  362: * This method is slower than single-call functions, due to state management.
        -:  363: * For small inputs, prefer `XXH32()` and `XXH64()`, which are better optimized.
        -:  364: *
        -:  365: * An XXH state must first be allocated using `XXH*_createState()`.
        -:  366: *
        -:  367: * Start a new hash by initializing the state with a seed using `XXH*_reset()`.
        -:  368: *
        -:  369: * Then, feed the hash state by calling `XXH*_update()` as many times as necessary.
        -:  370: *
        -:  371: * The function returns an error code, with 0 meaning OK, and any other value
        -:  372: * meaning there is an error.
        -:  373: *
        -:  374: * Finally, a hash value can be produced anytime, by using `XXH*_digest()`.
        -:  375: * This function returns the nn-bits hash as an int or long long.
        -:  376: *
        -:  377: * It's still possible to continue inserting input into the hash state after a
        -:  378: * digest, and generate new hash values later on by invoking `XXH*_digest()`.
        -:  379: *
        -:  380: * When done, release the state using `XXH*_freeState()`.
        -:  381: *
        -:  382: * Example code for incrementally hashing a file:
        -:  383: * @code{.c}
        -:  384: *    #include <stdio.h>
        -:  385: *    #include <xxhash.h>
        -:  386: *    #define BUFFER_SIZE 256
        -:  387: *
        -:  388: *    // Note: XXH64 and XXH3 use the same interface.
        -:  389: *    XXH32_hash_t
        -:  390: *    hashFile(FILE* stream)
        -:  391: *    {
        -:  392: *        XXH32_state_t* state;
        -:  393: *        unsigned char buf[BUFFER_SIZE];
        -:  394: *        size_t amt;
        -:  395: *        XXH32_hash_t hash;
        -:  396: *
        -:  397: *        state = XXH32_createState();       // Create a state
        -:  398: *        assert(state != NULL);             // Error check here
        -:  399: *        XXH32_reset(state, 0xbaad5eed);    // Reset state with our seed
        -:  400: *        while ((amt = fread(buf, 1, sizeof(buf), stream)) != 0) {
        -:  401: *            XXH32_update(state, buf, amt); // Hash the file in chunks
        -:  402: *        }
        -:  403: *        hash = XXH32_digest(state);        // Finalize the hash
        -:  404: *        XXH32_freeState(state);            // Clean up
        -:  405: *        return hash;
        -:  406: *    }
        -:  407: * @endcode
        -:  408: */
        -:  409:
        -:  410:/*!
        -:  411: * @typedef struct XXH32_state_s XXH32_state_t
        -:  412: * @brief The opaque state struct for the XXH32 streaming API.
        -:  413: *
        -:  414: * @see XXH32_state_s for details.
        -:  415: */
        -:  416:typedef struct XXH32_state_s XXH32_state_t;
        -:  417:
        -:  418:/*!
        -:  419: * @brief Allocates an @ref XXH32_state_t.
        -:  420: *
        -:  421: * Must be freed with XXH32_freeState().
        -:  422: * @return An allocated XXH32_state_t on success, `NULL` on failure.
        -:  423: */
        -:  424:XXH_PUBLIC_API XXH32_state_t* XXH32_createState(void);
        -:  425:/*!
        -:  426: * @brief Frees an @ref XXH32_state_t.
        -:  427: *
        -:  428: * Must be allocated with XXH32_createState().
        -:  429: * @param statePtr A pointer to an @ref XXH32_state_t allocated with @ref XXH32_createState().
        -:  430: * @return XXH_OK.
        -:  431: */
        -:  432:XXH_PUBLIC_API XXH_errorcode  XXH32_freeState(XXH32_state_t* statePtr);
        -:  433:/*!
        -:  434: * @brief Copies one @ref XXH32_state_t to another.
        -:  435: *
        -:  436: * @param dst_state The state to copy to.
        -:  437: * @param src_state The state to copy from.
        -:  438: * @pre
        -:  439: *   @p dst_state and @p src_state must not be `NULL` and must not overlap.
        -:  440: */
        -:  441:XXH_PUBLIC_API void XXH32_copyState(XXH32_state_t* dst_state, const XXH32_state_t* src_state);
        -:  442:
        -:  443:/*!
        -:  444: * @brief Resets an @ref XXH32_state_t to begin a new hash.
        -:  445: *
        -:  446: * This function resets and seeds a state. Call it before @ref XXH32_update().
        -:  447: *
        -:  448: * @param statePtr The state struct to reset.
        -:  449: * @param seed The 32-bit seed to alter the hash result predictably.
        -:  450: *
        -:  451: * @pre
        -:  452: *   @p statePtr must not be `NULL`.
        -:  453: *
        -:  454: * @return @ref XXH_OK on success, @ref XXH_ERROR on failure.
        -:  455: */
        -:  456:XXH_PUBLIC_API XXH_errorcode XXH32_reset  (XXH32_state_t* statePtr, XXH32_hash_t seed);
        -:  457:
        -:  458:/*!
        -:  459: * @brief Consumes a block of @p input to an @ref XXH32_state_t.
        -:  460: *
        -:  461: * Call this to incrementally consume blocks of data.
        -:  462: *
        -:  463: * @param statePtr The state struct to update.
        -:  464: * @param input The block of data to be hashed, at least @p length bytes in size.
        -:  465: * @param length The length of @p input, in bytes.
        -:  466: *
        -:  467: * @pre
        -:  468: *   @p statePtr must not be `NULL`.
        -:  469: * @pre
        -:  470: *   The memory between @p input and @p input + @p length must be valid,
        -:  471: *   readable, contiguous memory. However, if @p length is `0`, @p input may be
        -:  472: *   `NULL`. In C++, this also must be *TriviallyCopyable*.
        -:  473: *
        -:  474: * @return @ref XXH_OK on success, @ref XXH_ERROR on failure.
        -:  475: */
        -:  476:XXH_PUBLIC_API XXH_errorcode XXH32_update (XXH32_state_t* statePtr, const void* input, size_t length);
        -:  477:
        -:  478:/*!
        -:  479: * @brief Returns the calculated hash value from an @ref XXH32_state_t.
        -:  480: *
        -:  481: * @note
        -:  482: *   Calling XXH32_digest() will not affect @p statePtr, so you can update,
        -:  483: *   digest, and update again.
        -:  484: *
        -:  485: * @param statePtr The state struct to calculate the hash from.
        -:  486: *
        -:  487: * @pre
        -:  488: *  @p statePtr must not be `NULL`.
        -:  489: *
        -:  490: * @return The calculated xxHash32 value from that state.
        -:  491: */
        -:  492:XXH_PUBLIC_API XXH32_hash_t  XXH32_digest (const XXH32_state_t* statePtr);
        -:  493:
        -:  494:/*******   Canonical representation   *******/
        -:  495:
        -:  496:/*
        -:  497: * The default return values from XXH functions are unsigned 32 and 64 bit
        -:  498: * integers.
        -:  499: * This the simplest and fastest format for further post-processing.
        -:  500: *
        -:  501: * However, this leaves open the question of what is the order on the byte level,
        -:  502: * since little and big endian conventions will store the same number differently.
        -:  503: *
        -:  504: * The canonical representation settles this issue by mandating big-endian
        -:  505: * convention, the same convention as human-readable numbers (large digits first).
        -:  506: *
        -:  507: * When writing hash values to storage, sending them over a network, or printing
        -:  508: * them, it's highly recommended to use the canonical representation to ensure
        -:  509: * portability across a wider range of systems, present and future.
        -:  510: *
        -:  511: * The following functions allow transformation of hash values to and from
        -:  512: * canonical format.
        -:  513: */
        -:  514:
        -:  515:/*!
        -:  516: * @brief Canonical (big endian) representation of @ref XXH32_hash_t.
        -:  517: */
        -:  518:typedef struct {
        -:  519:    unsigned char digest[4]; /*!< Hash bytes, big endian */
        -:  520:} XXH32_canonical_t;
        -:  521:
        -:  522:/*!
        -:  523: * @brief Converts an @ref XXH32_hash_t to a big endian @ref XXH32_canonical_t.
        -:  524: *
        -:  525: * @param dst The @ref XXH32_canonical_t pointer to be stored to.
        -:  526: * @param hash The @ref XXH32_hash_t to be converted.
        -:  527: *
        -:  528: * @pre
        -:  529: *   @p dst must not be `NULL`.
        -:  530: */
        -:  531:XXH_PUBLIC_API void XXH32_canonicalFromHash(XXH32_canonical_t* dst, XXH32_hash_t hash);
        -:  532:
        -:  533:/*!
        -:  534: * @brief Converts an @ref XXH32_canonical_t to a native @ref XXH32_hash_t.
        -:  535: *
        -:  536: * @param src The @ref XXH32_canonical_t to convert.
        -:  537: *
        -:  538: * @pre
        -:  539: *   @p src must not be `NULL`.
        -:  540: *
        -:  541: * @return The converted hash.
        -:  542: */
        -:  543:XXH_PUBLIC_API XXH32_hash_t XXH32_hashFromCanonical(const XXH32_canonical_t* src);
        -:  544:
        -:  545:
        -:  546:/*!
        -:  547: * @}
        -:  548: * @ingroup public
        -:  549: * @{
        -:  550: */
        -:  551:
        -:  552:#ifndef XXH_NO_LONG_LONG
        -:  553:/*-**********************************************************************
        -:  554:*  64-bit hash
        -:  555:************************************************************************/
        -:  556:#if defined(XXH_DOXYGEN) /* don't include <stdint.h> */
        -:  557:/*!
        -:  558: * @brief An unsigned 64-bit integer.
        -:  559: *
        -:  560: * Not necessarily defined to `uint64_t` but functionally equivalent.
        -:  561: */
        -:  562:typedef uint64_t XXH64_hash_t;
        -:  563:#elif !defined (__VMS) \
        -:  564:  && (defined (__cplusplus) \
        -:  565:  || (defined (__STDC_VERSION__) && (__STDC_VERSION__ >= 199901L) /* C99 */) )
        -:  566:#  include <stdint.h>
        -:  567:   typedef uint64_t XXH64_hash_t;
        -:  568:#else
        -:  569:#  include <limits.h>
        -:  570:#  if defined(__LP64__) && ULONG_MAX == 0xFFFFFFFFFFFFFFFFULL
        -:  571:     /* LP64 ABI says uint64_t is unsigned long */
        -:  572:     typedef unsigned long XXH64_hash_t;
        -:  573:#  else
        -:  574:     /* the following type must have a width of 64-bit */
        -:  575:     typedef unsigned long long XXH64_hash_t;
        -:  576:#  endif
        -:  577:#endif
        -:  578:
        -:  579:/*!
        -:  580: * @}
        -:  581: *
        -:  582: * @defgroup xxh64_family XXH64 family
        -:  583: * @ingroup public
        -:  584: * @{
        -:  585: * Contains functions used in the classic 64-bit xxHash algorithm.
        -:  586: *
        -:  587: * @note
        -:  588: *   XXH3 provides competitive speed for both 32-bit and 64-bit systems,
        -:  589: *   and offers true 64/128 bit hash results. It provides a superior level of
        -:  590: *   dispersion, and greatly reduces the risks of collisions.
        -:  591: */
        -:  592:
        -:  593:
        -:  594:/*!
        -:  595: * @brief Calculates the 64-bit hash of @p input using xxHash64.
        -:  596: *
        -:  597: * This function usually runs faster on 64-bit systems, but slower on 32-bit
        -:  598: * systems (see benchmark).
        -:  599: *
        -:  600: * @param input The block of data to be hashed, at least @p length bytes in size.
        -:  601: * @param length The length of @p input, in bytes.
        -:  602: * @param seed The 64-bit seed to alter the hash's output predictably.
        -:  603: *
        -:  604: * @pre
        -:  605: *   The memory between @p input and @p input + @p length must be valid,
        -:  606: *   readable, contiguous memory. However, if @p length is `0`, @p input may be
        -:  607: *   `NULL`. In C++, this also must be *TriviallyCopyable*.
        -:  608: *
        -:  609: * @return The calculated 64-bit hash.
        -:  610: *
        -:  611: * @see
        -:  612: *    XXH32(), XXH3_64bits_withSeed(), XXH3_128bits_withSeed(), XXH128():
        -:  613: *    Direct equivalents for the other variants of xxHash.
        -:  614: * @see
        -:  615: *    XXH64_createState(), XXH64_update(), XXH64_digest(): Streaming version.
        -:  616: */
        -:  617:XXH_PUBLIC_API XXH64_hash_t XXH64(const void* input, size_t length, XXH64_hash_t seed);
        -:  618:
        -:  619:/*******   Streaming   *******/
        -:  620:/*!
        -:  621: * @brief The opaque state struct for the XXH64 streaming API.
        -:  622: *
        -:  623: * @see XXH64_state_s for details.
        -:  624: */
        -:  625:typedef struct XXH64_state_s XXH64_state_t;   /* incomplete type */
        -:  626:XXH_PUBLIC_API XXH64_state_t* XXH64_createState(void);
        -:  627:XXH_PUBLIC_API XXH_errorcode  XXH64_freeState(XXH64_state_t* statePtr);
        -:  628:XXH_PUBLIC_API void XXH64_copyState(XXH64_state_t* dst_state, const XXH64_state_t* src_state);
        -:  629:
        -:  630:XXH_PUBLIC_API XXH_errorcode XXH64_reset  (XXH64_state_t* statePtr, XXH64_hash_t seed);
        -:  631:XXH_PUBLIC_API XXH_errorcode XXH64_update (XXH64_state_t* statePtr, const void* input, size_t length);
        -:  632:XXH_PUBLIC_API XXH64_hash_t  XXH64_digest (const XXH64_state_t* statePtr);
        -:  633:
        -:  634:/*******   Canonical representation   *******/
        -:  635:typedef struct { unsigned char digest[sizeof(XXH64_hash_t)]; } XXH64_canonical_t;
        -:  636:XXH_PUBLIC_API void XXH64_canonicalFromHash(XXH64_canonical_t* dst, XXH64_hash_t hash);
        -:  637:XXH_PUBLIC_API XXH64_hash_t XXH64_hashFromCanonical(const XXH64_canonical_t* src);
        -:  638:
        -:  639:/*!
        -:  640: * @}
        -:  641: * ************************************************************************
        -:  642: * @defgroup xxh3_family XXH3 family
        -:  643: * @ingroup public
        -:  644: * @{
        -:  645: *
        -:  646: * XXH3 is a more recent hash algorithm featuring:
        -:  647: *  - Improved speed for both small and large inputs
        -:  648: *  - True 64-bit and 128-bit outputs
        -:  649: *  - SIMD acceleration
        -:  650: *  - Improved 32-bit viability
        -:  651: *
        -:  652: * Speed analysis methodology is explained here:
        -:  653: *
        -:  654: *    https://fastcompression.blogspot.com/2019/03/presenting-xxh3.html
        -:  655: *
        -:  656: * Compared to XXH64, expect XXH3 to run approximately
        -:  657: * ~2x faster on large inputs and >3x faster on small ones,
        -:  658: * exact differences vary depending on platform.
        -:  659: *
        -:  660: * XXH3's speed benefits greatly from SIMD and 64-bit arithmetic,
        -:  661: * but does not require it.
        -:  662: * Any 32-bit and 64-bit targets that can run XXH32 smoothly
        -:  663: * can run XXH3 at competitive speeds, even without vector support.
        -:  664: * Further details are explained in the implementation.
        -:  665: *
        -:  666: * Optimized implementations are provided for AVX512, AVX2, SSE2, NEON, POWER8,
        -:  667: * ZVector and scalar targets. This can be controlled via the XXH_VECTOR macro.
        -:  668: *
        -:  669: * XXH3 implementation is portable:
        -:  670: * it has a generic C90 formulation that can be compiled on any platform,
        -:  671: * all implementations generage exactly the same hash value on all platforms.
        -:  672: * Starting from v0.8.0, it's also labelled "stable", meaning that
        -:  673: * any future version will also generate the same hash value.
        -:  674: *
        -:  675: * XXH3 offers 2 variants, _64bits and _128bits.
        -:  676: *
        -:  677: * When only 64 bits are needed, prefer invoking the _64bits variant, as it
        -:  678: * reduces the amount of mixing, resulting in faster speed on small inputs.
        -:  679: * It's also generally simpler to manipulate a scalar return type than a struct.
        -:  680: *
        -:  681: * The API supports one-shot hashing, streaming mode, and custom secrets.
        -:  682: */
        -:  683:
        -:  684:/*-**********************************************************************
        -:  685:*  XXH3 64-bit variant
        -:  686:************************************************************************/
        -:  687:
        -:  688:/* XXH3_64bits():
        -:  689: * default 64-bit variant, using default secret and default seed of 0.
        -:  690: * It's the fastest variant. */
        -:  691:XXH_PUBLIC_API XXH64_hash_t XXH3_64bits(const void* data, size_t len);
        -:  692:
        -:  693:/*
        -:  694: * XXH3_64bits_withSeed():
        -:  695: * This variant generates a custom secret on the fly
        -:  696: * based on default secret altered using the `seed` value.
        -:  697: * While this operation is decently fast, note that it's not completely free.
        -:  698: * Note: seed==0 produces the same results as XXH3_64bits().
        -:  699: */
        -:  700:XXH_PUBLIC_API XXH64_hash_t XXH3_64bits_withSeed(const void* data, size_t len, XXH64_hash_t seed);
        -:  701:
        -:  702:/*!
        -:  703: * The bare minimum size for a custom secret.
        -:  704: *
        -:  705: * @see
        -:  706: *  XXH3_64bits_withSecret(), XXH3_64bits_reset_withSecret(),
        -:  707: *  XXH3_128bits_withSecret(), XXH3_128bits_reset_withSecret().
        -:  708: */
        -:  709:#define XXH3_SECRET_SIZE_MIN 136
        -:  710:
        -:  711:/*
        -:  712: * XXH3_64bits_withSecret():
        -:  713: * It's possible to provide any blob of bytes as a "secret" to generate the hash.
        -:  714: * This makes it more difficult for an external actor to prepare an intentional collision.
        -:  715: * The main condition is that secretSize *must* be large enough (>= XXH3_SECRET_SIZE_MIN).
        -:  716: * However, the quality of produced hash values depends on secret's entropy.
        -:  717: * Technically, the secret must look like a bunch of random bytes.
        -:  718: * Avoid "trivial" or structured data such as repeated sequences or a text document.
        -:  719: * Whenever unsure about the "randomness" of the blob of bytes,
        -:  720: * consider relabelling it as a "custom seed" instead,
        -:  721: * and employ "XXH3_generateSecret()" (see below)
        -:  722: * to generate a high entropy secret derived from the custom seed.
        -:  723: */
        -:  724:XXH_PUBLIC_API XXH64_hash_t XXH3_64bits_withSecret(const void* data, size_t len, const void* secret, size_t secretSize);
        -:  725:
        -:  726:
        -:  727:/*******   Streaming   *******/
        -:  728:/*
        -:  729: * Streaming requires state maintenance.
        -:  730: * This operation costs memory and CPU.
        -:  731: * As a consequence, streaming is slower than one-shot hashing.
        -:  732: * For better performance, prefer one-shot functions whenever applicable.
        -:  733: */
        -:  734:
        -:  735:/*!
        -:  736: * @brief The state struct for the XXH3 streaming API.
        -:  737: *
        -:  738: * @see XXH3_state_s for details.
        -:  739: */
        -:  740:typedef struct XXH3_state_s XXH3_state_t;
        -:  741:XXH_PUBLIC_API XXH3_state_t* XXH3_createState(void);
        -:  742:XXH_PUBLIC_API XXH_errorcode XXH3_freeState(XXH3_state_t* statePtr);
        -:  743:XXH_PUBLIC_API void XXH3_copyState(XXH3_state_t* dst_state, const XXH3_state_t* src_state);
        -:  744:
        -:  745:/*
        -:  746: * XXH3_64bits_reset():
        -:  747: * Initialize with default parameters.
        -:  748: * digest will be equivalent to `XXH3_64bits()`.
        -:  749: */
        -:  750:XXH_PUBLIC_API XXH_errorcode XXH3_64bits_reset(XXH3_state_t* statePtr);
        -:  751:/*
        -:  752: * XXH3_64bits_reset_withSeed():
        -:  753: * Generate a custom secret from `seed`, and store it into `statePtr`.
        -:  754: * digest will be equivalent to `XXH3_64bits_withSeed()`.
        -:  755: */
        -:  756:XXH_PUBLIC_API XXH_errorcode XXH3_64bits_reset_withSeed(XXH3_state_t* statePtr, XXH64_hash_t seed);
        -:  757:/*
        -:  758: * XXH3_64bits_reset_withSecret():
        -:  759: * `secret` is referenced, it _must outlive_ the hash streaming session.
        -:  760: * Similar to one-shot API, `secretSize` must be >= `XXH3_SECRET_SIZE_MIN`,
        -:  761: * and the quality of produced hash values depends on secret's entropy
        -:  762: * (secret's content should look like a bunch of random bytes).
        -:  763: * When in doubt about the randomness of a candidate `secret`,
        -:  764: * consider employing `XXH3_generateSecret()` instead (see below).
        -:  765: */
        -:  766:XXH_PUBLIC_API XXH_errorcode XXH3_64bits_reset_withSecret(XXH3_state_t* statePtr, const void* secret, size_t secretSize);
        -:  767:
        -:  768:XXH_PUBLIC_API XXH_errorcode XXH3_64bits_update (XXH3_state_t* statePtr, const void* input, size_t length);
        -:  769:XXH_PUBLIC_API XXH64_hash_t  XXH3_64bits_digest (const XXH3_state_t* statePtr);
        -:  770:
        -:  771:/* note : canonical representation of XXH3 is the same as XXH64
        -:  772: * since they both produce XXH64_hash_t values */
        -:  773:
        -:  774:
        -:  775:/*-**********************************************************************
        -:  776:*  XXH3 128-bit variant
        -:  777:************************************************************************/
        -:  778:
        -:  779:/*!
        -:  780: * @brief The return value from 128-bit hashes.
        -:  781: *
        -:  782: * Stored in little endian order, although the fields themselves are in native
        -:  783: * endianness.
        -:  784: */
        -:  785:typedef struct {
        -:  786:    XXH64_hash_t low64;   /*!< `value & 0xFFFFFFFFFFFFFFFF` */
        -:  787:    XXH64_hash_t high64;  /*!< `value >> 64` */
        -:  788:} XXH128_hash_t;
        -:  789:
        -:  790:XXH_PUBLIC_API XXH128_hash_t XXH3_128bits(const void* data, size_t len);
        -:  791:XXH_PUBLIC_API XXH128_hash_t XXH3_128bits_withSeed(const void* data, size_t len, XXH64_hash_t seed);
        -:  792:XXH_PUBLIC_API XXH128_hash_t XXH3_128bits_withSecret(const void* data, size_t len, const void* secret, size_t secretSize);
        -:  793:
        -:  794:/*******   Streaming   *******/
        -:  795:/*
        -:  796: * Streaming requires state maintenance.
        -:  797: * This operation costs memory and CPU.
        -:  798: * As a consequence, streaming is slower than one-shot hashing.
        -:  799: * For better performance, prefer one-shot functions whenever applicable.
        -:  800: *
        -:  801: * XXH3_128bits uses the same XXH3_state_t as XXH3_64bits().
        -:  802: * Use already declared XXH3_createState() and XXH3_freeState().
        -:  803: *
        -:  804: * All reset and streaming functions have same meaning as their 64-bit counterpart.
        -:  805: */
        -:  806:
        -:  807:XXH_PUBLIC_API XXH_errorcode XXH3_128bits_reset(XXH3_state_t* statePtr);
        -:  808:XXH_PUBLIC_API XXH_errorcode XXH3_128bits_reset_withSeed(XXH3_state_t* statePtr, XXH64_hash_t seed);
        -:  809:XXH_PUBLIC_API XXH_errorcode XXH3_128bits_reset_withSecret(XXH3_state_t* statePtr, const void* secret, size_t secretSize);
        -:  810:
        -:  811:XXH_PUBLIC_API XXH_errorcode XXH3_128bits_update (XXH3_state_t* statePtr, const void* input, size_t length);
        -:  812:XXH_PUBLIC_API XXH128_hash_t XXH3_128bits_digest (const XXH3_state_t* statePtr);
        -:  813:
        -:  814:/* Following helper functions make it possible to compare XXH128_hast_t values.
        -:  815: * Since XXH128_hash_t is a structure, this capability is not offered by the language.
        -:  816: * Note: For better performance, these functions can be inlined using XXH_INLINE_ALL */
        -:  817:
        -:  818:/*!
        -:  819: * XXH128_isEqual():
        -:  820: * Return: 1 if `h1` and `h2` are equal, 0 if they are not.
        -:  821: */
        -:  822:XXH_PUBLIC_API int XXH128_isEqual(XXH128_hash_t h1, XXH128_hash_t h2);
        -:  823:
        -:  824:/*!
        -:  825: * XXH128_cmp():
        -:  826: *
        -:  827: * This comparator is compatible with stdlib's `qsort()`/`bsearch()`.
        -:  828: *
        -:  829: * return: >0 if *h128_1  > *h128_2
        -:  830: *         =0 if *h128_1 == *h128_2
        -:  831: *         <0 if *h128_1  < *h128_2
        -:  832: */
        -:  833:XXH_PUBLIC_API int XXH128_cmp(const void* h128_1, const void* h128_2);
        -:  834:
        -:  835:
        -:  836:/*******   Canonical representation   *******/
        -:  837:typedef struct { unsigned char digest[sizeof(XXH128_hash_t)]; } XXH128_canonical_t;
        -:  838:XXH_PUBLIC_API void XXH128_canonicalFromHash(XXH128_canonical_t* dst, XXH128_hash_t hash);
        -:  839:XXH_PUBLIC_API XXH128_hash_t XXH128_hashFromCanonical(const XXH128_canonical_t* src);
        -:  840:
        -:  841:
        -:  842:#endif  /* XXH_NO_LONG_LONG */
        -:  843:
        -:  844:/*!
        -:  845: * @}
        -:  846: */
        -:  847:#endif /* XXHASH_H_5627135585666179 */
        -:  848:
        -:  849:
        -:  850:
        -:  851:#if defined(XXH_STATIC_LINKING_ONLY) && !defined(XXHASH_H_STATIC_13879238742)
        -:  852:#define XXHASH_H_STATIC_13879238742
        -:  853:/* ****************************************************************************
        -:  854: * This section contains declarations which are not guaranteed to remain stable.
        -:  855: * They may change in future versions, becoming incompatible with a different
        -:  856: * version of the library.
        -:  857: * These declarations should only be used with static linking.
        -:  858: * Never use them in association with dynamic linking!
        -:  859: ***************************************************************************** */
        -:  860:
        -:  861:/*
        -:  862: * These definitions are only present to allow static allocation
        -:  863: * of XXH states, on stack or in a struct, for example.
        -:  864: * Never **ever** access their members directly.
        -:  865: */
        -:  866:
        -:  867:/*!
        -:  868: * @internal
        -:  869: * @brief Structure for XXH32 streaming API.
        -:  870: *
        -:  871: * @note This is only defined when @ref XXH_STATIC_LINKING_ONLY,
        -:  872: * @ref XXH_INLINE_ALL, or @ref XXH_IMPLEMENTATION is defined. Otherwise it is
        -:  873: * an opaque type. This allows fields to safely be changed.
        -:  874: *
        -:  875: * Typedef'd to @ref XXH32_state_t.
        -:  876: * Do not access the members of this struct directly.
        -:  877: * @see XXH64_state_s, XXH3_state_s
        -:  878: */
        -:  879:struct XXH32_state_s {
        -:  880:   XXH32_hash_t total_len_32; /*!< Total length hashed, modulo 2^32 */
        -:  881:   XXH32_hash_t large_len;    /*!< Whether the hash is >= 16 (handles @ref total_len_32 overflow) */
        -:  882:   XXH32_hash_t v1;           /*!< First accumulator lane */
        -:  883:   XXH32_hash_t v2;           /*!< Second accumulator lane */
        -:  884:   XXH32_hash_t v3;           /*!< Third accumulator lane */
        -:  885:   XXH32_hash_t v4;           /*!< Fourth accumulator lane */
        -:  886:   XXH32_hash_t mem32[4];     /*!< Internal buffer for partial reads. Treated as unsigned char[16]. */
        -:  887:   XXH32_hash_t memsize;      /*!< Amount of data in @ref mem32 */
        -:  888:   XXH32_hash_t reserved;     /*!< Reserved field. Do not read or write to it, it may be removed. */
        -:  889:};   /* typedef'd to XXH32_state_t */
        -:  890:
        -:  891:
        -:  892:#ifndef XXH_NO_LONG_LONG  /* defined when there is no 64-bit support */
        -:  893:
        -:  894:/*!
        -:  895: * @internal
        -:  896: * @brief Structure for XXH64 streaming API.
        -:  897: *
        -:  898: * @note This is only defined when @ref XXH_STATIC_LINKING_ONLY,
        -:  899: * @ref XXH_INLINE_ALL, or @ref XXH_IMPLEMENTATION is defined. Otherwise it is
        -:  900: * an opaque type. This allows fields to safely be changed.
        -:  901: *
        -:  902: * Typedef'd to @ref XXH64_state_t.
        -:  903: * Do not access the members of this struct directly.
        -:  904: * @see XXH32_state_s, XXH3_state_s
        -:  905: */
        -:  906:struct XXH64_state_s {
        -:  907:   XXH64_hash_t total_len;    /*!< Total length hashed. This is always 64-bit. */
        -:  908:   XXH64_hash_t v1;           /*!< First accumulator lane */
        -:  909:   XXH64_hash_t v2;           /*!< Second accumulator lane */
        -:  910:   XXH64_hash_t v3;           /*!< Third accumulator lane */
        -:  911:   XXH64_hash_t v4;           /*!< Fourth accumulator lane */
        -:  912:   XXH64_hash_t mem64[4];     /*!< Internal buffer for partial reads. Treated as unsigned char[32]. */
        -:  913:   XXH32_hash_t memsize;      /*!< Amount of data in @ref mem64 */
        -:  914:   XXH32_hash_t reserved32;   /*!< Reserved field, needed for padding anyways*/
        -:  915:   XXH64_hash_t reserved64;   /*!< Reserved field. Do not read or write to it, it may be removed. */
        -:  916:};   /* typedef'd to XXH64_state_t */
        -:  917:
        -:  918:#if defined (__STDC_VERSION__) && (__STDC_VERSION__ >= 201112L)   /* C11+ */
        -:  919:#  include <stdalign.h>
        -:  920:#  define XXH_ALIGN(n)      alignas(n)
        -:  921:#elif defined(__GNUC__)
        -:  922:#  define XXH_ALIGN(n)      __attribute__ ((aligned(n)))
        -:  923:#elif defined(_MSC_VER)
        -:  924:#  define XXH_ALIGN(n)      __declspec(align(n))
        -:  925:#else
        -:  926:#  define XXH_ALIGN(n)   /* disabled */
        -:  927:#endif
        -:  928:
        -:  929:/* Old GCC versions only accept the attribute after the type in structures. */
        -:  930:#if !(defined(__STDC_VERSION__) && (__STDC_VERSION__ >= 201112L))   /* C11+ */ \
        -:  931:    && defined(__GNUC__)
        -:  932:#   define XXH_ALIGN_MEMBER(align, type) type XXH_ALIGN(align)
        -:  933:#else
        -:  934:#   define XXH_ALIGN_MEMBER(align, type) XXH_ALIGN(align) type
        -:  935:#endif
        -:  936:
        -:  937:/*!
        -:  938: * @brief The size of the internal XXH3 buffer.
        -:  939: *
        -:  940: * This is the optimal update size for incremental hashing.
        -:  941: *
        -:  942: * @see XXH3_64b_update(), XXH3_128b_update().
        -:  943: */
        -:  944:#define XXH3_INTERNALBUFFER_SIZE 256
        -:  945:
        -:  946:/*!
        -:  947: * @brief Default size of the secret buffer (and @ref XXH3_kSecret).
        -:  948: *
        -:  949: * This is the size used in @ref XXH3_kSecret and the seeded functions.
        -:  950: *
        -:  951: * Not to be confused with @ref XXH3_SECRET_SIZE_MIN.
        -:  952: */
        -:  953:#define XXH3_SECRET_DEFAULT_SIZE 192
        -:  954:
        -:  955:/*!
        -:  956: * @internal
        -:  957: * @brief Structure for XXH3 streaming API.
        -:  958: *
        -:  959: * @note This is only defined when @ref XXH_STATIC_LINKING_ONLY,
        -:  960: * @ref XXH_INLINE_ALL, or @ref XXH_IMPLEMENTATION is defined. Otherwise it is
        -:  961: * an opaque type. This allows fields to safely be changed.
        -:  962: *
        -:  963: * @note **This structure has a strict alignment requirement of 64 bytes.** Do
        -:  964: * not allocate this with `malloc()` or `new`, it will not be sufficiently
        -:  965: * aligned. Use @ref XXH3_createState() and @ref XXH3_freeState(), or stack
        -:  966: * allocation.
        -:  967: *
        -:  968: * Typedef'd to @ref XXH3_state_t.
        -:  969: * Do not access the members of this struct directly.
        -:  970: *
        -:  971: * @see XXH3_INITSTATE() for stack initialization.
        -:  972: * @see XXH3_createState(), XXH3_freeState().
        -:  973: * @see XXH32_state_s, XXH64_state_s
        -:  974: */
        -:  975:struct XXH3_state_s {
        -:  976:   XXH_ALIGN_MEMBER(64, XXH64_hash_t acc[8]);
        -:  977:       /*!< The 8 accumulators. Similar to `vN` in @ref XXH32_state_s::v1 and @ref XXH64_state_s */
        -:  978:   XXH_ALIGN_MEMBER(64, unsigned char customSecret[XXH3_SECRET_DEFAULT_SIZE]);
        -:  979:       /*!< Used to store a custom secret generated from a seed. */
        -:  980:   XXH_ALIGN_MEMBER(64, unsigned char buffer[XXH3_INTERNALBUFFER_SIZE]);
        -:  981:       /*!< The internal buffer. @see XXH32_state_s::mem32 */
        -:  982:   XXH32_hash_t bufferedSize;
        -:  983:       /*!< The amount of memory in @ref buffer, @see XXH32_state_s::memsize */
        -:  984:   XXH32_hash_t reserved32;
        -:  985:       /*!< Reserved field. Needed for padding on 64-bit. */
        -:  986:   size_t nbStripesSoFar;
        -:  987:       /*!< Number or stripes processed. */
        -:  988:   XXH64_hash_t totalLen;
        -:  989:       /*!< Total length hashed. 64-bit even on 32-bit targets. */
        -:  990:   size_t nbStripesPerBlock;
        -:  991:       /*!< Number of stripes per block. */
        -:  992:   size_t secretLimit;
        -:  993:       /*!< Size of @ref customSecret or @ref extSecret */
        -:  994:   XXH64_hash_t seed;
        -:  995:       /*!< Seed for _withSeed variants. Must be zero otherwise, @see XXH3_INITSTATE() */
        -:  996:   XXH64_hash_t reserved64;
        -:  997:       /*!< Reserved field. */
        -:  998:   const unsigned char* extSecret;
        -:  999:       /*!< Reference to an external secret for the _withSecret variants, NULL
        -: 1000:        *   for other variants. */
        -: 1001:   /* note: there may be some padding at the end due to alignment on 64 bytes */
        -: 1002:}; /* typedef'd to XXH3_state_t */
        -: 1003:
        -: 1004:#undef XXH_ALIGN_MEMBER
        -: 1005:
        -: 1006:/*!
        -: 1007: * @brief Initializes a stack-allocated `XXH3_state_s`.
        -: 1008: *
        -: 1009: * When the @ref XXH3_state_t structure is merely emplaced on stack,
        -: 1010: * it should be initialized with XXH3_INITSTATE() or a memset()
        -: 1011: * in case its first reset uses XXH3_NNbits_reset_withSeed().
        -: 1012: * This init can be omitted if the first reset uses default or _withSecret mode.
        -: 1013: * This operation isn't necessary when the state is created with XXH3_createState().
        -: 1014: * Note that this doesn't prepare the state for a streaming operation,
        -: 1015: * it's still necessary to use XXH3_NNbits_reset*() afterwards.
        -: 1016: */
        -: 1017:#define XXH3_INITSTATE(XXH3_state_ptr)   { (XXH3_state_ptr)->seed = 0; }
        -: 1018:
        -: 1019:
        -: 1020:/* ===   Experimental API   === */
        -: 1021:/* Symbols defined below must be considered tied to a specific library version. */
        -: 1022:
        -: 1023:/*
        -: 1024: * XXH3_generateSecret():
        -: 1025: *
        -: 1026: * Derive a high-entropy secret from any user-defined content, named customSeed.
        -: 1027: * The generated secret can be used in combination with `*_withSecret()` functions.
        -: 1028: * The `_withSecret()` variants are useful to provide a higher level of protection than 64-bit seed,
        -: 1029: * as it becomes much more difficult for an external actor to guess how to impact the calculation logic.
        -: 1030: *
        -: 1031: * The function accepts as input a custom seed of any length and any content,
        -: 1032: * and derives from it a high-entropy secret of length XXH3_SECRET_DEFAULT_SIZE
        -: 1033: * into an already allocated buffer secretBuffer.
        -: 1034: * The generated secret is _always_ XXH_SECRET_DEFAULT_SIZE bytes long.
        -: 1035: *
        -: 1036: * The generated secret can then be used with any `*_withSecret()` variant.
        -: 1037: * Functions `XXH3_128bits_withSecret()`, `XXH3_64bits_withSecret()`,
        -: 1038: * `XXH3_128bits_reset_withSecret()` and `XXH3_64bits_reset_withSecret()`
        -: 1039: * are part of this list. They all accept a `secret` parameter
        -: 1040: * which must be very long for implementation reasons (>= XXH3_SECRET_SIZE_MIN)
        -: 1041: * _and_ feature very high entropy (consist of random-looking bytes).
        -: 1042: * These conditions can be a high bar to meet, so
        -: 1043: * this function can be used to generate a secret of proper quality.
        -: 1044: *
        -: 1045: * customSeed can be anything. It can have any size, even small ones,
        -: 1046: * and its content can be anything, even stupidly "low entropy" source such as a bunch of zeroes.
        -: 1047: * The resulting `secret` will nonetheless provide all expected qualities.
        -: 1048: *
        -: 1049: * Supplying NULL as the customSeed copies the default secret into `secretBuffer`.
        -: 1050: * When customSeedSize > 0, supplying NULL as customSeed is undefined behavior.
        -: 1051: */
        -: 1052:XXH_PUBLIC_API void XXH3_generateSecret(void* secretBuffer, const void* customSeed, size_t customSeedSize);
        -: 1053:
        -: 1054:
        -: 1055:/* simple short-cut to pre-selected XXH3_128bits variant */
        -: 1056:XXH_PUBLIC_API XXH128_hash_t XXH128(const void* data, size_t len, XXH64_hash_t seed);
        -: 1057:
        -: 1058:
        -: 1059:#endif  /* XXH_NO_LONG_LONG */
        -: 1060:#if defined(XXH_INLINE_ALL) || defined(XXH_PRIVATE_API)
        -: 1061:#  define XXH_IMPLEMENTATION
        -: 1062:#endif
        -: 1063:
        -: 1064:#endif  /* defined(XXH_STATIC_LINKING_ONLY) && !defined(XXHASH_H_STATIC_13879238742) */
        -: 1065:
        -: 1066:
        -: 1067:/* ======================================================================== */
        -: 1068:/* ======================================================================== */
        -: 1069:/* ======================================================================== */
        -: 1070:
        -: 1071:
        -: 1072:/*-**********************************************************************
        -: 1073: * xxHash implementation
        -: 1074: *-**********************************************************************
        -: 1075: * xxHash's implementation used to be hosted inside xxhash.c.
        -: 1076: *
        -: 1077: * However, inlining requires implementation to be visible to the compiler,
        -: 1078: * hence be included alongside the header.
        -: 1079: * Previously, implementation was hosted inside xxhash.c,
        -: 1080: * which was then #included when inlining was activated.
        -: 1081: * This construction created issues with a few build and install systems,
        -: 1082: * as it required xxhash.c to be stored in /include directory.
        -: 1083: *
        -: 1084: * xxHash implementation is now directly integrated within xxhash.h.
        -: 1085: * As a consequence, xxhash.c is no longer needed in /include.
        -: 1086: *
        -: 1087: * xxhash.c is still available and is still useful.
        -: 1088: * In a "normal" setup, when xxhash is not inlined,
        -: 1089: * xxhash.h only exposes the prototypes and public symbols,
        -: 1090: * while xxhash.c can be built into an object file xxhash.o
        -: 1091: * which can then be linked into the final binary.
        -: 1092: ************************************************************************/
        -: 1093:
        -: 1094:#if ( defined(XXH_INLINE_ALL) || defined(XXH_PRIVATE_API) \
        -: 1095:   || defined(XXH_IMPLEMENTATION) ) && !defined(XXH_IMPLEM_13a8737387)
        -: 1096:#  define XXH_IMPLEM_13a8737387
        -: 1097:
        -: 1098:/* *************************************
        -: 1099:*  Tuning parameters
        -: 1100:***************************************/
        -: 1101:
        -: 1102:/*!
        -: 1103: * @defgroup tuning Tuning parameters
        -: 1104: * @{
        -: 1105: *
        -: 1106: * Various macros to control xxHash's behavior.
        -: 1107: */
        -: 1108:#ifdef XXH_DOXYGEN
        -: 1109:/*!
        -: 1110: * @brief Define this to disable 64-bit code.
        -: 1111: *
        -: 1112: * Useful if only using the @ref xxh32_family and you have a strict C90 compiler.
        -: 1113: */
        -: 1114:#  define XXH_NO_LONG_LONG
        -: 1115:#  undef XXH_NO_LONG_LONG /* don't actually */
        -: 1116:/*!
        -: 1117: * @brief Controls how unaligned memory is accessed.
        -: 1118: *
        -: 1119: * By default, access to unaligned memory is controlled by `memcpy()`, which is
        -: 1120: * safe and portable.
        -: 1121: *
        -: 1122: * Unfortunately, on some target/compiler combinations, the generated assembly
        -: 1123: * is sub-optimal.
        -: 1124: *
        -: 1125: * The below switch allow selection of a different access method
        -: 1126: * in the search for improved performance.
        -: 1127: *
        -: 1128: * @par Possible options:
        -: 1129: *
        -: 1130: *  - `XXH_FORCE_MEMORY_ACCESS=0` (default): `memcpy`
        -: 1131: *   @par
        -: 1132: *     Use `memcpy()`. Safe and portable. Note that most modern compilers will
        -: 1133: *     eliminate the function call and treat it as an unaligned access.
        -: 1134: *
        -: 1135: *  - `XXH_FORCE_MEMORY_ACCESS=1`: `__attribute__((packed))`
        -: 1136: *   @par
        -: 1137: *     Depends on compiler extensions and is therefore not portable.
        -: 1138: *     This method is safe _if_ your compiler supports it,
        -: 1139: *     and *generally* as fast or faster than `memcpy`.
        -: 1140: *
        -: 1141: *  - `XXH_FORCE_MEMORY_ACCESS=2`: Direct cast
        -: 1142: *  @par
        -: 1143: *     Casts directly and dereferences. This method doesn't depend on the
        -: 1144: *     compiler, but it violates the C standard as it directly dereferences an
        -: 1145: *     unaligned pointer. It can generate buggy code on targets which do not
        -: 1146: *     support unaligned memory accesses, but in some circumstances, it's the
        -: 1147: *     only known way to get the most performance.
        -: 1148: *
        -: 1149: *  - `XXH_FORCE_MEMORY_ACCESS=3`: Byteshift
        -: 1150: *  @par
        -: 1151: *     Also portable. This can generate the best code on old compilers which don't
        -: 1152: *     inline small `memcpy()` calls, and it might also be faster on big-endian
        -: 1153: *     systems which lack a native byteswap instruction. However, some compilers
        -: 1154: *     will emit literal byteshifts even if the target supports unaligned access.
        -: 1155: *  .
        -: 1156: *
        -: 1157: * @warning
        -: 1158: *   Methods 1 and 2 rely on implementation-defined behavior. Use these with
        -: 1159: *   care, as what works on one compiler/platform/optimization level may cause
        -: 1160: *   another to read garbage data or even crash.
        -: 1161: *
        -: 1162: * See https://stackoverflow.com/a/32095106/646947 for details.
        -: 1163: *
        -: 1164: * Prefer these methods in priority order (0 > 3 > 1 > 2)
        -: 1165: */
        -: 1166:#  define XXH_FORCE_MEMORY_ACCESS 0
        -: 1167:/*!
        -: 1168: * @def XXH_ACCEPT_NULL_INPUT_POINTER
        -: 1169: * @brief Whether to add explicit `NULL` checks.
        -: 1170: *
        -: 1171: * If the input pointer is `NULL` and the length is non-zero, xxHash's default
        -: 1172: * behavior is to dereference it, triggering a segfault.
        -: 1173: *
        -: 1174: * When this macro is enabled, xxHash actively checks the input for a null pointer.
        -: 1175: * If it is, the result for null input pointers is the same as a zero-length input.
        -: 1176: */
        -: 1177:#  define XXH_ACCEPT_NULL_INPUT_POINTER 0
        -: 1178:/*!
        -: 1179: * @def XXH_FORCE_ALIGN_CHECK
        -: 1180: * @brief If defined to non-zero, adds a special path for aligned inputs (XXH32()
        -: 1181: * and XXH64() only).
        -: 1182: *
        -: 1183: * This is an important performance trick for architectures without decent
        -: 1184: * unaligned memory access performance.
        -: 1185: *
        -: 1186: * It checks for input alignment, and when conditions are met, uses a "fast
        -: 1187: * path" employing direct 32-bit/64-bit reads, resulting in _dramatically
        -: 1188: * faster_ read speed.
        -: 1189: *
        -: 1190: * The check costs one initial branch per hash, which is generally negligible,
        -: 1191: * but not zero.
        -: 1192: *
        -: 1193: * Moreover, it's not useful to generate an additional code path if memory
        -: 1194: * access uses the same instruction for both aligned and unaligned
        -: 1195: * addresses (e.g. x86 and aarch64).
        -: 1196: *
        -: 1197: * In these cases, the alignment check can be removed by setting this macro to 0.
        -: 1198: * Then the code will always use unaligned memory access.
        -: 1199: * Align check is automatically disabled on x86, x64 & arm64,
        -: 1200: * which are platforms known to offer good unaligned memory accesses performance.
        -: 1201: *
        -: 1202: * This option does not affect XXH3 (only XXH32 and XXH64).
        -: 1203: */
        -: 1204:#  define XXH_FORCE_ALIGN_CHECK 0
        -: 1205:
        -: 1206:/*!
        -: 1207: * @def XXH_NO_INLINE_HINTS
        -: 1208: * @brief When non-zero, sets all functions to `static`.
        -: 1209: *
        -: 1210: * By default, xxHash tries to force the compiler to inline almost all internal
        -: 1211: * functions.
        -: 1212: *
        -: 1213: * This can usually improve performance due to reduced jumping and improved
        -: 1214: * constant folding, but significantly increases the size of the binary which
        -: 1215: * might not be favorable.
        -: 1216: *
        -: 1217: * Additionally, sometimes the forced inlining can be detrimental to performance,
        -: 1218: * depending on the architecture.
        -: 1219: *
        -: 1220: * XXH_NO_INLINE_HINTS marks all internal functions as static, giving the
        -: 1221: * compiler full control on whether to inline or not.
        -: 1222: *
        -: 1223: * When not optimizing (-O0), optimizing for size (-Os, -Oz), or using
        -: 1224: * -fno-inline with GCC or Clang, this will automatically be defined.
        -: 1225: */
        -: 1226:#  define XXH_NO_INLINE_HINTS 0
        -: 1227:
        -: 1228:/*!
        -: 1229: * @def XXH_REROLL
        -: 1230: * @brief Whether to reroll `XXH32_finalize` and `XXH64_finalize`.
        -: 1231: *
        -: 1232: * For performance, `XXH32_finalize` and `XXH64_finalize` use an unrolled loop
        -: 1233: * in the form of a switch statement.
        -: 1234: *
        -: 1235: * This is not always desirable, as it generates larger code, and depending on
        -: 1236: * the architecture, may even be slower
        -: 1237: *
        -: 1238: * This is automatically defined with `-Os`/`-Oz` on GCC and Clang.
        -: 1239: */
        -: 1240:#  define XXH_REROLL 0
        -: 1241:
        -: 1242:/*!
        -: 1243: * @internal
        -: 1244: * @brief Redefines old internal names.
        -: 1245: *
        -: 1246: * For compatibility with code that uses xxHash's internals before the names
        -: 1247: * were changed to improve namespacing. There is no other reason to use this.
        -: 1248: */
        -: 1249:#  define XXH_OLD_NAMES
        -: 1250:#  undef XXH_OLD_NAMES /* don't actually use, it is ugly. */
        -: 1251:#endif /* XXH_DOXYGEN */
        -: 1252:/*!
        -: 1253: * @}
        -: 1254: */
        -: 1255:
        -: 1256:#ifndef XXH_FORCE_MEMORY_ACCESS   /* can be defined externally, on command line for example */
        -: 1257:   /* prefer __packed__ structures (method 1) for gcc on armv7 and armv8 */
        -: 1258:#  if !defined(__clang__) && ( \
        -: 1259:    (defined(__INTEL_COMPILER) && !defined(_WIN32)) || \
        -: 1260:    (defined(__GNUC__) && (defined(__ARM_ARCH) && __ARM_ARCH >= 7)) )
        -: 1261:#    define XXH_FORCE_MEMORY_ACCESS 1
        -: 1262:#  endif
        -: 1263:#endif
        -: 1264:
        -: 1265:#ifndef XXH_ACCEPT_NULL_INPUT_POINTER   /* can be defined externally */
        -: 1266:#  define XXH_ACCEPT_NULL_INPUT_POINTER 0
        -: 1267:#endif
        -: 1268:
        -: 1269:#ifndef XXH_FORCE_ALIGN_CHECK  /* can be defined externally */
        -: 1270:#  if defined(__i386)  || defined(__x86_64__) || defined(__aarch64__) \
        -: 1271:   || defined(_M_IX86) || defined(_M_X64)     || defined(_M_ARM64) /* visual */
        -: 1272:#    define XXH_FORCE_ALIGN_CHECK 0
        -: 1273:#  else
        -: 1274:#    define XXH_FORCE_ALIGN_CHECK 1
        -: 1275:#  endif
        -: 1276:#endif
        -: 1277:
        -: 1278:#ifndef XXH_NO_INLINE_HINTS
        -: 1279:#  if defined(__OPTIMIZE_SIZE__) /* -Os, -Oz */ \
        -: 1280:   || defined(__NO_INLINE__)     /* -O0, -fno-inline */
        -: 1281:#    define XXH_NO_INLINE_HINTS 1
        -: 1282:#  else
        -: 1283:#    define XXH_NO_INLINE_HINTS 0
        -: 1284:#  endif
        -: 1285:#endif
        -: 1286:
        -: 1287:#ifndef XXH_REROLL
        -: 1288:#  if defined(__OPTIMIZE_SIZE__)
        -: 1289:#    define XXH_REROLL 1
        -: 1290:#  else
        -: 1291:#    define XXH_REROLL 0
        -: 1292:#  endif
        -: 1293:#endif
        -: 1294:
        -: 1295:/*!
        -: 1296: * @defgroup impl Implementation
        -: 1297: * @{
        -: 1298: */
        -: 1299:
        -: 1300:
        -: 1301:/* *************************************
        -: 1302:*  Includes & Memory related functions
        -: 1303:***************************************/
        -: 1304:/*
        -: 1305: * Modify the local functions below should you wish to use
        -: 1306: * different memory routines for malloc() and free()
        -: 1307: */
        -: 1308:#include <stdlib.h>
        -: 1309:
        -: 1310:/*!
        -: 1311: * @internal
        -: 1312: * @brief Modify this function to use a different routine than malloc().
        -: 1313: */
        -: 1314:static void* XXH_malloc(size_t s) { return malloc(s); }
        -: 1315:
        -: 1316:/*!
        -: 1317: * @internal
        -: 1318: * @brief Modify this function to use a different routine than free().
        -: 1319: */
        -: 1320:static void XXH_free(void* p) { free(p); }
        -: 1321:
        -: 1322:#include <string.h>
        -: 1323:
        -: 1324:/*!
        -: 1325: * @internal
        -: 1326: * @brief Modify this function to use a different routine than memcpy().
        -: 1327: */
        -: 1328:static void* XXH_memcpy(void* dest, const void* src, size_t size)
        -: 1329:{
        -: 1330:    return memcpy(dest,src,size);
        -: 1331:}
        -: 1332:
        -: 1333:#include <limits.h>   /* ULLONG_MAX */
        -: 1334:
        -: 1335:
        -: 1336:/* *************************************
        -: 1337:*  Compiler Specific Options
        -: 1338:***************************************/
        -: 1339:#ifdef _MSC_VER /* Visual Studio warning fix */
        -: 1340:#  pragma warning(disable : 4127) /* disable: C4127: conditional expression is constant */
        -: 1341:#endif
        -: 1342:
        -: 1343:#if XXH_NO_INLINE_HINTS  /* disable inlining hints */
        -: 1344:#  if defined(__GNUC__)
        -: 1345:#    define XXH_FORCE_INLINE static __attribute__((unused))
        -: 1346:#  else
        -: 1347:#    define XXH_FORCE_INLINE static
        -: 1348:#  endif
        -: 1349:#  define XXH_NO_INLINE static
        -: 1350:/* enable inlining hints */
        -: 1351:#elif defined(_MSC_VER)  /* Visual Studio */
        -: 1352:#  define XXH_FORCE_INLINE static __forceinline
        -: 1353:#  define XXH_NO_INLINE static __declspec(noinline)
        -: 1354:#elif defined(__GNUC__)
        -: 1355:#  define XXH_FORCE_INLINE static __inline__ __attribute__((always_inline, unused))
        -: 1356:#  define XXH_NO_INLINE static __attribute__((noinline))
        -: 1357:#elif defined (__cplusplus) \
        -: 1358:  || (defined (__STDC_VERSION__) && (__STDC_VERSION__ >= 199901L))   /* C99 */
        -: 1359:#  define XXH_FORCE_INLINE static inline
        -: 1360:#  define XXH_NO_INLINE static
        -: 1361:#else
        -: 1362:#  define XXH_FORCE_INLINE static
        -: 1363:#  define XXH_NO_INLINE static
        -: 1364:#endif
        -: 1365:
        -: 1366:
        -: 1367:
        -: 1368:/* *************************************
        -: 1369:*  Debug
        -: 1370:***************************************/
        -: 1371:/*!
        -: 1372: * @ingroup tuning
        -: 1373: * @def XXH_DEBUGLEVEL
        -: 1374: * @brief Sets the debugging level.
        -: 1375: *
        -: 1376: * XXH_DEBUGLEVEL is expected to be defined externally, typically via the
        -: 1377: * compiler's command line options. The value must be a number.
        -: 1378: */
        -: 1379:#ifndef XXH_DEBUGLEVEL
        -: 1380:#  ifdef DEBUGLEVEL /* backwards compat */
        -: 1381:#    define XXH_DEBUGLEVEL DEBUGLEVEL
        -: 1382:#  else
        -: 1383:#    define XXH_DEBUGLEVEL 0
        -: 1384:#  endif
        -: 1385:#endif
        -: 1386:
        -: 1387:#if (XXH_DEBUGLEVEL>=1)
        -: 1388:#  include <assert.h>   /* note: can still be disabled with NDEBUG */
        -: 1389:#  define XXH_ASSERT(c)   assert(c)
        -: 1390:#else
        -: 1391:#  define XXH_ASSERT(c)   ((void)0)
        -: 1392:#endif
        -: 1393:
        -: 1394:/* note: use after variable declarations */
        -: 1395:#define XXH_STATIC_ASSERT(c)  do { enum { XXH_sa = 1/(int)(!!(c)) }; } while (0)
        -: 1396:
        -: 1397:/*!
        -: 1398: * @internal
        -: 1399: * @def XXH_COMPILER_GUARD(var)
        -: 1400: * @brief Used to prevent unwanted optimizations for @p var.
        -: 1401: *
        -: 1402: * It uses an empty GCC inline assembly statement with a register constraint
        -: 1403: * which forces @p var into a general purpose register (eg eax, ebx, ecx
        -: 1404: * on x86) and marks it as modified.
        -: 1405: *
        -: 1406: * This is used in a few places to avoid unwanted autovectorization (e.g.
        -: 1407: * XXH32_round()). All vectorization we want is explicit via intrinsics,
        -: 1408: * and _usually_ isn't wanted elsewhere.
        -: 1409: *
        -: 1410: * We also use it to prevent unwanted constant folding for AArch64 in
        -: 1411: * XXH3_initCustomSecret_scalar().
        -: 1412: */
        -: 1413:#ifdef __GNUC__
        -: 1414:#  define XXH_COMPILER_GUARD(var) __asm__ __volatile__("" : "+r" (var))
        -: 1415:#else
        -: 1416:#  define XXH_COMPILER_GUARD(var) ((void)0)
        -: 1417:#endif
        -: 1418:
        -: 1419:/* *************************************
        -: 1420:*  Basic Types
        -: 1421:***************************************/
        -: 1422:#if !defined (__VMS) \
        -: 1423: && (defined (__cplusplus) \
        -: 1424: || (defined (__STDC_VERSION__) && (__STDC_VERSION__ >= 199901L) /* C99 */) )
        -: 1425:# include <stdint.h>
        -: 1426:  typedef uint8_t xxh_u8;
        -: 1427:#else
        -: 1428:  typedef unsigned char xxh_u8;
        -: 1429:#endif
        -: 1430:typedef XXH32_hash_t xxh_u32;
        -: 1431:
        -: 1432:#ifdef XXH_OLD_NAMES
        -: 1433:#  define BYTE xxh_u8
        -: 1434:#  define U8   xxh_u8
        -: 1435:#  define U32  xxh_u32
        -: 1436:#endif
        -: 1437:
        -: 1438:/* ***   Memory access   *** */
        -: 1439:
        -: 1440:/*!
        -: 1441: * @internal
        -: 1442: * @fn xxh_u32 XXH_read32(const void* ptr)
        -: 1443: * @brief Reads an unaligned 32-bit integer from @p ptr in native endianness.
        -: 1444: *
        -: 1445: * Affected by @ref XXH_FORCE_MEMORY_ACCESS.
        -: 1446: *
        -: 1447: * @param ptr The pointer to read from.
        -: 1448: * @return The 32-bit native endian integer from the bytes at @p ptr.
        -: 1449: */
        -: 1450:
        -: 1451:/*!
        -: 1452: * @internal
        -: 1453: * @fn xxh_u32 XXH_readLE32(const void* ptr)
        -: 1454: * @brief Reads an unaligned 32-bit little endian integer from @p ptr.
        -: 1455: *
        -: 1456: * Affected by @ref XXH_FORCE_MEMORY_ACCESS.
        -: 1457: *
        -: 1458: * @param ptr The pointer to read from.
        -: 1459: * @return The 32-bit little endian integer from the bytes at @p ptr.
        -: 1460: */
        -: 1461:
        -: 1462:/*!
        -: 1463: * @internal
        -: 1464: * @fn xxh_u32 XXH_readBE32(const void* ptr)
        -: 1465: * @brief Reads an unaligned 32-bit big endian integer from @p ptr.
        -: 1466: *
        -: 1467: * Affected by @ref XXH_FORCE_MEMORY_ACCESS.
        -: 1468: *
        -: 1469: * @param ptr The pointer to read from.
        -: 1470: * @return The 32-bit big endian integer from the bytes at @p ptr.
        -: 1471: */
        -: 1472:
        -: 1473:/*!
        -: 1474: * @internal
        -: 1475: * @fn xxh_u32 XXH_readLE32_align(const void* ptr, XXH_alignment align)
        -: 1476: * @brief Like @ref XXH_readLE32(), but has an option for aligned reads.
        -: 1477: *
        -: 1478: * Affected by @ref XXH_FORCE_MEMORY_ACCESS.
        -: 1479: * Note that when @ref XXH_FORCE_ALIGN_CHECK == 0, the @p align parameter is
        -: 1480: * always @ref XXH_alignment::XXH_unaligned.
        -: 1481: *
        -: 1482: * @param ptr The pointer to read from.
        -: 1483: * @param align Whether @p ptr is aligned.
        -: 1484: * @pre
        -: 1485: *   If @p align == @ref XXH_alignment::XXH_aligned, @p ptr must be 4 byte
        -: 1486: *   aligned.
        -: 1487: * @return The 32-bit little endian integer from the bytes at @p ptr.
        -: 1488: */
        -: 1489:
        -: 1490:#if (defined(XXH_FORCE_MEMORY_ACCESS) && (XXH_FORCE_MEMORY_ACCESS==3))
        -: 1491:/*
        -: 1492: * Manual byteshift. Best for old compilers which don't inline memcpy.
[...]
        -: 4953:    acc.high64 ^= XXH_readLE64(input_1) + XXH_readLE64(input_1 + 8);
        -: 4954:    return acc;
        -: 4955:}
        -: 4956:
        -: 4957:
        -: 4958:XXH_FORCE_INLINE XXH128_hash_t
        -: 4959:XXH3_len_17to128_128b(const xxh_u8* XXH_RESTRICT input, size_t len,
        -: 4960:                      const xxh_u8* XXH_RESTRICT secret, size_t secretSize,
        -: 4961:                      XXH64_hash_t seed)
        -: 4962:{
        -: 4963:    XXH_ASSERT(secretSize >= XXH3_SECRET_SIZE_MIN); (void)secretSize;
        -: 4964:    XXH_ASSERT(16 < len && len <= 128);
        -: 4965:
        -: 4966:    {   XXH128_hash_t acc;
        -: 4967:        acc.low64 = len * XXH_PRIME64_1;
        -: 4968:        acc.high64 = 0;
        -: 4969:        if (len > 32) {
        -: 4970:            if (len > 64) {
        -: 4971:                if (len > 96) {
        -: 4972:                    acc = XXH128_mix32B(acc, input+48, input+len-64, secret+96, seed);
        -: 4973:                }
        -: 4974:                acc = XXH128_mix32B(acc, input+32, input+len-48, secret+64, seed);
        -: 4975:            }
        -: 4976:            acc = XXH128_mix32B(acc, input+16, input+len-32, secret+32, seed);
        -: 4977:        }
        -: 4978:        acc = XXH128_mix32B(acc, input, input+len-16, secret, seed);
        -: 4979:        {   XXH128_hash_t h128;
        -: 4980:            h128.low64  = acc.low64 + acc.high64;
        -: 4981:            h128.high64 = (acc.low64    * XXH_PRIME64_1)
        -: 4982:                        + (acc.high64   * XXH_PRIME64_4)
        -: 4983:                        + ((len - seed) * XXH_PRIME64_2);
        -: 4984:            h128.low64  = XXH3_avalanche(h128.low64);
        -: 4985:            h128.high64 = (XXH64_hash_t)0 - XXH3_avalanche(h128.high64);
        -: 4986:            return h128;
        -: 4987:        }
        -: 4988:    }
        -: 4989:}
        -: 4990:
        -: 4991:XXH_NO_INLINE XXH128_hash_t
        -: 4992:XXH3_len_129to240_128b(const xxh_u8* XXH_RESTRICT input, size_t len,
        -: 4993:                       const xxh_u8* XXH_RESTRICT secret, size_t secretSize,
        -: 4994:                       XXH64_hash_t seed)
        -: 4995:{
        -: 4996:    XXH_ASSERT(secretSize >= XXH3_SECRET_SIZE_MIN); (void)secretSize;
        -: 4997:    XXH_ASSERT(128 < len && len <= XXH3_MIDSIZE_MAX);
        -: 4998:
        -: 4999:    {   XXH128_hash_t acc;
        -: 5000:        int const nbRounds = (int)len / 32;
        -: 5001:        int i;
        -: 5002:        acc.low64 = len * XXH_PRIME64_1;
        -: 5003:        acc.high64 = 0;
        -: 5004:        for (i=0; i<4; i++) {
        -: 5005:            acc = XXH128_mix32B(acc,
        -: 5006:                                input  + (32 * i),
        -: 5007:                                input  + (32 * i) + 16,
        -: 5008:                                secret + (32 * i),
        -: 5009:                                seed);
        -: 5010:        }
        -: 5011:        acc.low64 = XXH3_avalanche(acc.low64);
        -: 5012:        acc.high64 = XXH3_avalanche(acc.high64);
        -: 5013:        XXH_ASSERT(nbRounds >= 4);
        -: 5014:        for (i=4 ; i < nbRounds; i++) {
        -: 5015:            acc = XXH128_mix32B(acc,
        -: 5016:                                input + (32 * i),
        -: 5017:                                input + (32 * i) + 16,
        -: 5018:                                secret + XXH3_MIDSIZE_STARTOFFSET + (32 * (i - 4)),
        -: 5019:                                seed);
        -: 5020:        }
        -: 5021:        /* last bytes */
        -: 5022:        acc = XXH128_mix32B(acc,
        -: 5023:                            input + len - 16,
        -: 5024:                            input + len - 32,
        -: 5025:                            secret + XXH3_SECRET_SIZE_MIN - XXH3_MIDSIZE_LASTOFFSET - 16,
        -: 5026:                            0ULL - seed);
        -: 5027:
        -: 5028:        {   XXH128_hash_t h128;
        -: 5029:            h128.low64  = acc.low64 + acc.high64;
        -: 5030:            h128.high64 = (acc.low64    * XXH_PRIME64_1)
        -: 5031:                        + (acc.high64   * XXH_PRIME64_4)
        -: 5032:                        + ((len - seed) * XXH_PRIME64_2);
        -: 5033:            h128.low64  = XXH3_avalanche(h128.low64);
        -: 5034:            h128.high64 = (XXH64_hash_t)0 - XXH3_avalanche(h128.high64);
        -: 5035:            return h128;
        -: 5036:        }
        -: 5037:    }
        -: 5038:}
        -: 5039:
        -: 5040:XXH_FORCE_INLINE XXH128_hash_t
        -: 5041:XXH3_hashLong_128b_internal(const void* XXH_RESTRICT input, size_t len,
        -: 5042:                            const xxh_u8* XXH_RESTRICT secret, size_t secretSize,
        -: 5043:                            XXH3_f_accumulate_512 f_acc512,
        -: 5044:                            XXH3_f_scrambleAcc f_scramble)
        -: 5045:{
        -: 5046:    XXH_ALIGN(XXH_ACC_ALIGN) xxh_u64 acc[XXH_ACC_NB] = XXH3_INIT_ACC;
        -: 5047:
        -: 5048:    XXH3_hashLong_internal_loop(acc, (const xxh_u8*)input, len, secret, secretSize, f_acc512, f_scramble);
        -: 5049:
        -: 5050:    /* converge into final hash */
        -: 5051:    XXH_STATIC_ASSERT(sizeof(acc) == 64);
        -: 5052:    XXH_ASSERT(secretSize >= sizeof(acc) + XXH_SECRET_MERGEACCS_START);
        -: 5053:    {   XXH128_hash_t h128;
        -: 5054:        h128.low64  = XXH3_mergeAccs(acc,
        -: 5055:                                     secret + XXH_SECRET_MERGEACCS_START,
        -: 5056:                                     (xxh_u64)len * XXH_PRIME64_1);
        -: 5057:        h128.high64 = XXH3_mergeAccs(acc,
        -: 5058:                                     secret + secretSize
        -: 5059:                                            - sizeof(acc) - XXH_SECRET_MERGEACCS_START,
        -: 5060:                                     ~((xxh_u64)len * XXH_PRIME64_2));
        -: 5061:        return h128;
        -: 5062:    }
        -: 5063:}
        -: 5064:
        -: 5065:/*
        -: 5066: * It's important for performance that XXH3_hashLong is not inlined.
        -: 5067: */
        -: 5068:XXH_NO_INLINE XXH128_hash_t
        -: 5069:XXH3_hashLong_128b_default(const void* XXH_RESTRICT input, size_t len,
        -: 5070:                           XXH64_hash_t seed64,
        -: 5071:                           const void* XXH_RESTRICT secret, size_t secretLen)
        -: 5072:{
        -: 5073:    (void)seed64; (void)secret; (void)secretLen;
        -: 5074:    return XXH3_hashLong_128b_internal(input, len, XXH3_kSecret, sizeof(XXH3_kSecret),
        -: 5075:                                       XXH3_accumulate_512, XXH3_scrambleAcc);
        -: 5076:}
        -: 5077:
        -: 5078:/*
        -: 5079: * It's important for performance that XXH3_hashLong is not inlined.
        -: 5080: */
        -: 5081:XXH_NO_INLINE XXH128_hash_t
        -: 5082:XXH3_hashLong_128b_withSecret(const void* XXH_RESTRICT input, size_t len,
        -: 5083:                              XXH64_hash_t seed64,
        -: 5084:                              const void* XXH_RESTRICT secret, size_t secretLen)
        -: 5085:{
        -: 5086:    (void)seed64;
        -: 5087:    return XXH3_hashLong_128b_internal(input, len, (const xxh_u8*)secret, secretLen,
        -: 5088:                                       XXH3_accumulate_512, XXH3_scrambleAcc);
        -: 5089:}
        -: 5090:
        -: 5091:XXH_FORCE_INLINE XXH128_hash_t
        -: 5092:XXH3_hashLong_128b_withSeed_internal(const void* XXH_RESTRICT input, size_t len,
        -: 5093:                                XXH64_hash_t seed64,
        -: 5094:                                XXH3_f_accumulate_512 f_acc512,
        -: 5095:                                XXH3_f_scrambleAcc f_scramble,
        -: 5096:                                XXH3_f_initCustomSecret f_initSec)
        -: 5097:{
        -: 5098:    if (seed64 == 0)
        -: 5099:        return XXH3_hashLong_128b_internal(input, len,
        -: 5100:                                           XXH3_kSecret, sizeof(XXH3_kSecret),
        -: 5101:                                           f_acc512, f_scramble);
        -: 5102:    {   XXH_ALIGN(XXH_SEC_ALIGN) xxh_u8 secret[XXH_SECRET_DEFAULT_SIZE];
        -: 5103:        f_initSec(secret, seed64);
        -: 5104:        return XXH3_hashLong_128b_internal(input, len, (const xxh_u8*)secret, sizeof(secret),
        -: 5105:                                           f_acc512, f_scramble);
        -: 5106:    }
        -: 5107:}
        -: 5108:
        -: 5109:/*
        -: 5110: * It's important for performance that XXH3_hashLong is not inlined.
        -: 5111: */
        -: 5112:XXH_NO_INLINE XXH128_hash_t
        -: 5113:XXH3_hashLong_128b_withSeed(const void* input, size_t len,
        -: 5114:                            XXH64_hash_t seed64, const void* XXH_RESTRICT secret, size_t secretLen)
        -: 5115:{
        -: 5116:    (void)secret; (void)secretLen;
        -: 5117:    return XXH3_hashLong_128b_withSeed_internal(input, len, seed64,
        -: 5118:                XXH3_accumulate_512, XXH3_scrambleAcc, XXH3_initCustomSecret);
        -: 5119:}
        -: 5120:
        -: 5121:typedef XXH128_hash_t (*XXH3_hashLong128_f)(const void* XXH_RESTRICT, size_t,
        -: 5122:                                            XXH64_hash_t, const void* XXH_RESTRICT, size_t);
        -: 5123:
        -: 5124:XXH_FORCE_INLINE XXH128_hash_t
        -: 5125:XXH3_128bits_internal(const void* input, size_t len,
        -: 5126:                      XXH64_hash_t seed64, const void* XXH_RESTRICT secret, size_t secretLen,
        -: 5127:                      XXH3_hashLong128_f f_hl128)
        -: 5128:{
        -: 5129:    XXH_ASSERT(secretLen >= XXH3_SECRET_SIZE_MIN);
        -: 5130:    /*
        -: 5131:     * If an action is to be taken if `secret` conditions are not respected,
        -: 5132:     * it should be done here.
        -: 5133:     * For now, it's a contract pre-condition.
        -: 5134:     * Adding a check and a branch here would cost performance at every hash.
        -: 5135:     */
        -: 5136:    if (len <= 16)
        -: 5137:        return XXH3_len_0to16_128b((const xxh_u8*)input, len, (const xxh_u8*)secret, seed64);
        -: 5138:    if (len <= 128)
        -: 5139:        return XXH3_len_17to128_128b((const xxh_u8*)input, len, (const xxh_u8*)secret, secretLen, seed64);
        -: 5140:    if (len <= XXH3_MIDSIZE_MAX)
        -: 5141:        return XXH3_len_129to240_128b((const xxh_u8*)input, len, (const xxh_u8*)secret, secretLen, seed64);
        -: 5142:    return f_hl128(input, len, seed64, secret, secretLen);
        -: 5143:}
        -: 5144:
        -: 5145:
        -: 5146:/* ===   Public XXH128 API   === */
        -: 5147:
        -: 5148:/*! @ingroup xxh3_family */
        -: 5149:XXH_PUBLIC_API XXH128_hash_t XXH3_128bits(const void* input, size_t len)
        -: 5150:{
        -: 5151:    return XXH3_128bits_internal(input, len, 0,
        -: 5152:                                 XXH3_kSecret, sizeof(XXH3_kSecret),
        -: 5153:                                 XXH3_hashLong_128b_default);
        -: 5154:}
        -: 5155:
        -: 5156:/*! @ingroup xxh3_family */
        -: 5157:XXH_PUBLIC_API XXH128_hash_t
        -: 5158:XXH3_128bits_withSecret(const void* input, size_t len, const void* secret, size_t secretSize)
        -: 5159:{
        -: 5160:    return XXH3_128bits_internal(input, len, 0,
        -: 5161:                                 (const xxh_u8*)secret, secretSize,
        -: 5162:                                 XXH3_hashLong_128b_withSecret);
        -: 5163:}
        -: 5164:
        -: 5165:/*! @ingroup xxh3_family */
        -: 5166:XXH_PUBLIC_API XXH128_hash_t
        -: 5167:XXH3_128bits_withSeed(const void* input, size_t len, XXH64_hash_t seed)
        -: 5168:{
        -: 5169:    return XXH3_128bits_internal(input, len, seed,
        -: 5170:                                 XXH3_kSecret, sizeof(XXH3_kSecret),
        -: 5171:                                 XXH3_hashLong_128b_withSeed);
        -: 5172:}
        -: 5173:
        -: 5174:/*! @ingroup xxh3_family */
        -: 5175:XXH_PUBLIC_API XXH128_hash_t
        -: 5176:XXH128(const void* input, size_t len, XXH64_hash_t seed)
        -: 5177:{
        -: 5178:    return XXH3_128bits_withSeed(input, len, seed);
        -: 5179:}
        -: 5180:
        -: 5181:
        -: 5182:/* ===   XXH3 128-bit streaming   === */
        -: 5183:
        -: 5184:/*
        -: 5185: * All the functions are actually the same as for 64-bit streaming variant.
        -: 5186: * The only difference is the finalization routine.
        -: 5187: */
        -: 5188:
        -: 5189:/*! @ingroup xxh3_family */
        -: 5190:XXH_PUBLIC_API XXH_errorcode
        -: 5191:XXH3_128bits_reset(XXH3_state_t* statePtr)
        -: 5192:{
        -: 5193:    if (statePtr == NULL) return XXH_ERROR;
        -: 5194:    XXH3_reset_internal(statePtr, 0, XXH3_kSecret, XXH_SECRET_DEFAULT_SIZE);
        -: 5195:    return XXH_OK;
        -: 5196:}
        -: 5197:
        -: 5198:/*! @ingroup xxh3_family */
        -: 5199:XXH_PUBLIC_API XXH_errorcode
        -: 5200:XXH3_128bits_reset_withSecret(XXH3_state_t* statePtr, const void* secret, size_t secretSize)
        -: 5201:{
        -: 5202:    if (statePtr == NULL) return XXH_ERROR;
        -: 5203:    XXH3_reset_internal(statePtr, 0, secret, secretSize);
        -: 5204:    if (secret == NULL) return XXH_ERROR;
        -: 5205:    if (secretSize < XXH3_SECRET_SIZE_MIN) return XXH_ERROR;
        -: 5206:    return XXH_OK;
        -: 5207:}
        -: 5208:
        -: 5209:/*! @ingroup xxh3_family */
        -: 5210:XXH_PUBLIC_API XXH_errorcode
        -: 5211:XXH3_128bits_reset_withSeed(XXH3_state_t* statePtr, XXH64_hash_t seed)
        -: 5212:{
        -: 5213:    if (statePtr == NULL) return XXH_ERROR;
        -: 5214:    if (seed==0) return XXH3_128bits_reset(statePtr);
        -: 5215:    if (seed != statePtr->seed) XXH3_initCustomSecret(statePtr->customSecret, seed);
        -: 5216:    XXH3_reset_internal(statePtr, seed, NULL, XXH_SECRET_DEFAULT_SIZE);
        -: 5217:    return XXH_OK;
        -: 5218:}
        -: 5219:
        -: 5220:/*! @ingroup xxh3_family */
        -: 5221:XXH_PUBLIC_API XXH_errorcode
        -: 5222:XXH3_128bits_update(XXH3_state_t* state, const void* input, size_t len)
        -: 5223:{
        -: 5224:    return XXH3_update(state, (const xxh_u8*)input, len,
        -: 5225:                       XXH3_accumulate_512, XXH3_scrambleAcc);
        -: 5226:}
        -: 5227:
        -: 5228:/*! @ingroup xxh3_family */
        -: 5229:XXH_PUBLIC_API XXH128_hash_t XXH3_128bits_digest (const XXH3_state_t* state)
        -: 5230:{
        -: 5231:    const unsigned char* const secret = (state->extSecret == NULL) ? state->customSecret : state->extSecret;
        -: 5232:    if (state->totalLen > XXH3_MIDSIZE_MAX) {
        -: 5233:        XXH_ALIGN(XXH_ACC_ALIGN) XXH64_hash_t acc[XXH_ACC_NB];
        -: 5234:        XXH3_digest_long(acc, state, secret);
        -: 5235:        XXH_ASSERT(state->secretLimit + XXH_STRIPE_LEN >= sizeof(acc) + XXH_SECRET_MERGEACCS_START);
        -: 5236:        {   XXH128_hash_t h128;
        -: 5237:            h128.low64  = XXH3_mergeAccs(acc,
        -: 5238:                                         secret + XXH_SECRET_MERGEACCS_START,
        -: 5239:                                         (xxh_u64)state->totalLen * XXH_PRIME64_1);
        -: 5240:            h128.high64 = XXH3_mergeAccs(acc,
        -: 5241:                                         secret + state->secretLimit + XXH_STRIPE_LEN
        -: 5242:                                                - sizeof(acc) - XXH_SECRET_MERGEACCS_START,
        -: 5243:                                         ~((xxh_u64)state->totalLen * XXH_PRIME64_2));
        -: 5244:            return h128;
        -: 5245:        }
        -: 5246:    }
        -: 5247:    /* len <= XXH3_MIDSIZE_MAX : short code */
        -: 5248:    if (state->seed)
        -: 5249:        return XXH3_128bits_withSeed(state->buffer, (size_t)state->totalLen, state->seed);
        -: 5250:    return XXH3_128bits_withSecret(state->buffer, (size_t)(state->totalLen),
        -: 5251:                                   secret, state->secretLimit + XXH_STRIPE_LEN);
        -: 5252:}
        -: 5253:
        -: 5254:/* 128-bit utility functions */
        -: 5255:
        -: 5256:#include <string.h>   /* memcmp, memcpy */
        -: 5257:
        -: 5258:/* return : 1 is equal, 0 if different */
        -: 5259:/*! @ingroup xxh3_family */
        -: 5260:XXH_PUBLIC_API int XXH128_isEqual(XXH128_hash_t h1, XXH128_hash_t h2)
        -: 5261:{
        -: 5262:    /* note : XXH128_hash_t is compact, it has no padding byte */
        -: 5263:    return !(memcmp(&h1, &h2, sizeof(h1)));
        -: 5264:}
        -: 5265:
        -: 5266:/* This prototype is compatible with stdlib's qsort().
        -: 5267: * return : >0 if *h128_1  > *h128_2
        -: 5268: *          <0 if *h128_1  < *h128_2
        -: 5269: *          =0 if *h128_1 == *h128_2  */
        -: 5270:/*! @ingroup xxh3_family */
        -: 5271:XXH_PUBLIC_API int XXH128_cmp(const void* h128_1, const void* h128_2)
        -: 5272:{
        -: 5273:    XXH128_hash_t const h1 = *(const XXH128_hash_t*)h128_1;
        -: 5274:    XXH128_hash_t const h2 = *(const XXH128_hash_t*)h128_2;
        -: 5275:    int const hcmp = (h1.high64 > h2.high64) - (h2.high64 > h1.high64);
        -: 5276:    /* note : bets that, in most cases, hash values are different */
        -: 5277:    if (hcmp) return hcmp;
        -: 5278:    return (h1.low64 > h2.low64) - (h2.low64 > h1.low64);
        -: 5279:}
        -: 5280:
        -: 5281:
        -: 5282:/*======   Canonical representation   ======*/
        -: 5283:/*! @ingroup xxh3_family */
        -: 5284:XXH_PUBLIC_API void
        -: 5285:XXH128_canonicalFromHash(XXH128_canonical_t* dst, XXH128_hash_t hash)
        -: 5286:{
        -: 5287:    XXH_STATIC_ASSERT(sizeof(XXH128_canonical_t) == sizeof(XXH128_hash_t));
        -: 5288:    if (XXH_CPU_LITTLE_ENDIAN) {
        -: 5289:        hash.high64 = XXH_swap64(hash.high64);
        -: 5290:        hash.low64  = XXH_swap64(hash.low64);
        -: 5291:    }
        -: 5292:    memcpy(dst, &hash.high64, sizeof(hash.high64));
        -: 5293:    memcpy((char*)dst + sizeof(hash.high64), &hash.low64, sizeof(hash.low64));
        -: 5294:}
        -: 5295:
        -: 5296:/*! @ingroup xxh3_family */
        -: 5297:XXH_PUBLIC_API XXH128_hash_t
        -: 5298:XXH128_hashFromCanonical(const XXH128_canonical_t* src)
        -: 5299:{
        -: 5300:    XXH128_hash_t h;
        -: 5301:    h.high64 = XXH_readBE64(src);
        -: 5302:    h.low64  = XXH_readBE64(src->digest + 8);
        -: 5303:    return h;
        -: 5304:}
        -: 5305:
        -: 5306:/* Pop our optimization override from above */
        -: 5307:#if XXH_VECTOR == XXH_AVX2 /* AVX2 */ \
        -: 5308:  && defined(__GNUC__) && !defined(__clang__) /* GCC, not Clang */ \
        -: 5309:  && defined(__OPTIMIZE__) && !defined(__OPTIMIZE_SIZE__) /* respect -O0 and -Os */
        -: 5310:#  pragma GCC pop_options
        -: 5311:#endif
        -: 5312:
        -: 5313:#endif  /* XXH_NO_LONG_LONG */
        -: 5314:
        -: 5315:#endif  /* XXH_NO_XXH3 */
        -: 5316:
        -: 5317:/*!
        -: 5318: * @}
        -: 5319: */
        -: 5320:#endif  /* XXH_IMPLEMENTATION */
        -: 5321:
        -: 5322:
        -: 5323:#if defined (__cplusplus)
        -: 5324:}
        -: 5325:#endif
